######TESTING REPORT######

Date: Tue Oct 24 19:15:44 PDT 2023 

---PYTEST---

============================= test session starts ==============================
platform linux -- Python 3.10.12, pytest-7.4.2, pluggy-1.3.0
rootdir: /home/jevinle/Dev/FUNCLG
plugins: cov-3.0.0
collected 136 items

tests/test_character/test_abilities.py .......                           [  5%]
tests/test_character/test_armor.py ................                      [ 16%]
tests/test_character/test_character.py .......                           [ 22%]
tests/test_character/test_equipment.py ..............                    [ 32%]
tests/test_character/test_modifiers.py ..........                        [ 39%]
tests/test_character/test_roles.py .............                         [ 49%]
tests/test_character/test_stats.py ..................                    [ 62%]
tests/test_game/test_game_levels.py .......                              [ 67%]
tests/test_main/test_main.py .                                           [ 68%]
tests/test_managers/test_abilities_manager.py .......                    [ 73%]
tests/test_managers/test_character_manager.py .........                  [ 80%]
tests/test_managers/test_equipment_manager.py .........                  [ 86%]
tests/test_managers/test_roles_manager.py ............                   [ 95%]
tests/test_managers/test_stats_manager.py ...                            [ 97%]
tests/test_utils/test_types.py ...                                       [100%]

---------- coverage: platform linux, python 3.10.12-final-0 ----------
Name                                   Stmts   Miss Branch BrPart  Cover   Missing
----------------------------------------------------------------------------------
funclg/__init__.py                         1      0      0      0   100%
funclg/__main__.py                        41     24      6      1    38%   39-43, 56-68, 72-79, 83-85
funclg/character/__init__.py               0      0      0      0   100%
funclg/character/abilities.py             70      0     20      0   100%
funclg/character/armor.py                136      0     46      5    97%   187->189, 189->191, 191->193, 193->195, 195->exit
funclg/character/character.py             70      8     12      0    88%   118-122, 125-126, 130-131, 146-149
funclg/character/equipment.py             95      0     10      0   100%
funclg/character/modifiers.py             71      0     38      1    99%   115->118
funclg/character/roles.py                 91      7     32      0    91%   67, 140, 156-160
funclg/character/stats.py                 98      1     38      1    99%   55
funclg/game/__init__.py                   11      4      0      0    64%   22, 33, 37, 46
funclg/game/combat.py                      0      0      0      0   100%
funclg/game/game.py                       10      4      0      0    60%   40, 45, 49, 55
funclg/game/level.py                     101      0     42      2    99%   128->exit, 195->198
funclg/game/rewards.py                     0      0      0      0   100%
funclg/managers/__init__.py               18      4      6      0    67%   29-30, 34-35
funclg/managers/abilities_manager.py      69      1     24      1    98%   126
funclg/managers/character_manager.py     120      3     54      4    96%   27-28, 69->68, 72->75, 75->78, 228
funclg/managers/equipment_manager.py      89      4     32      3    94%   23-24, 31->30, 98, 181
funclg/managers/game_manager.py           27      9      8      1    60%   38-50, 54
funclg/managers/level_manager.py           0      0      0      0   100%
funclg/managers/roles_manager.py         123      3     52      3    97%   26-27, 33->32, 120->133, 227
funclg/managers/stats_manager.py          84     16     34      0    80%   125-153
funclg/utils/__init__.py                   0      0      0      0   100%
funclg/utils/data_mgmt.py                 51     15     16      1    67%   36-37, 43->56, 47-55, 66-69
funclg/utils/game_enums.py                32      4      2      0    88%   58-72
funclg/utils/input_validation.py          40     28     16      0    21%   18-28, 35-36, 43, 72-85, 97, 106-111, 127-135
funclg/utils/menu_funcs.py                36     16     14      0    48%   29-52
funclg/utils/types.py                     17      0      6      1    96%   53->56
----------------------------------------------------------------------------------
TOTAL                                   1501    151    508     24    88%

FAIL Required test coverage of 95.0% not reached. Total coverage: 88.40%

======================= 136 passed, 2 warnings in 1.37s ========================

---Code Quality Report---


-----BANDIT-----


-----PYLINT-----

************* Module funclg.character.stats
funclg/character/stats.py:144:5: W0511: TODO: 2023.10.18 - Needs to return a new Stats object and should be loaded as a Stats item in equipment similar to other Characer module copies. (fixme)

------------------------------------------------------------------
Your code has been rated at 9.99/10 (previous run: 9.99/10, +0.01)

