######TESTING REPORT######

Date: Wed Apr  6 00:40:11 CDT 2022 

---PYTEST---

============================= test session starts ==============================
platform linux -- Python 3.8.10, pytest-7.1.1, pluggy-1.0.0
rootdir: /mnt/c/Users/jevin/OneDrive/Documents/CODING/Dev, configfile: pyproject.toml
plugins: cov-3.0.0
collected 47 items

tests/test_character/test_abilities.py .......                           [ 14%]
tests/test_character/test_armor.py .........                             [ 34%]
tests/test_character/test_equipment.py .............                     [ 61%]
tests/test_character/test_modifiers.py ........                          [ 78%]
tests/test_character/test_roles.py ..........                            [100%]

---------- coverage: platform linux, python 3.8.10-final-0 -----------
Name                               Stmts   Miss  Cover   Missing
----------------------------------------------------------------
FUNCLG/__init__.py                     0      0   100%
FUNCLG/__main__.py                     0      0   100%
FUNCLG/character/__init__.py           0      0   100%
FUNCLG/character/abilities.py         31      0   100%
FUNCLG/character/armor.py             87      1    99%   135
FUNCLG/character/equipment.py         70      0   100%
FUNCLG/character/modifiers.py         63      0   100%
FUNCLG/character/roles.py             63      0   100%
FUNCLG/character/stats.py             33     22    33%   27-34, 40, 43-44, 47-54, 59, 62-67
FUNCLG/main.py                         0      0   100%
FUNCLG/utils/__init__.py               0      0   100%
FUNCLG/utils/modifier_builder.py       0      0   100%
FUNCLG/utils/types.py                 23      0   100%
----------------------------------------------------------------
TOTAL                                370     23    94%

FAIL Required test coverage of 100.0% not reached. Total coverage: 93.78%

============================== 47 passed in 1.39s ==============================

---Code Quality Report---


-----ISORT-----


-----BLACK-----

All done! ✨ 🍰 ✨
13 files left unchanged.

-----BANDIT-----


-----XENON-----


-----PYLINT-----

************* Module FUNCLG
FUNCLG/__init__.py:1:0: C0103: Module name "FUNCLG" doesn't conform to snake_case naming style (invalid-name)
************* Module FUNCLG.character.abilities
FUNCLG/character/abilities.py:35:12: W0511: TODO: Will become stats, and a specific sub class that will be more focused for armor (fixme)
FUNCLG/character/abilities.py:62:5: W0511: TODO: Define what happens when using a power. Damage and effect on which stat (fixme)
************* Module FUNCLG.character.armor
FUNCLG/character/armor.py:17:1: W0511: TODO: Create Armor Stat (fixme)
************* Module FUNCLG.character.equipment
FUNCLG/character/equipment.py:20:1: W0511: TODO: Create Equipment Stat (fixme)
FUNCLG/character/equipment.py:46:5: W0511: TODO: Change so that it returns the name values and not numbers (fixme)
FUNCLG/character/equipment.py:78:5: W0511: TODO: Look to see if this is the best way to copy an object and if there is a better way to send all of the attributes (it may be * or **) (fixme)
FUNCLG/character/equipment.py:89:1: W0511: TODO: WeaponEquipment: Define functions [details, export, getstats] (fixme)
************* Module FUNCLG.character.modifiers
FUNCLG/character/modifiers.py:47:5: W0511: TODO: make simplier (needs to be different from detail and not just by one word) (fixme)
FUNCLG/character/modifiers.py:121:1: W0511: TODO: Possibly create a subclass tempMod. This would be the result of an attack and would expire after a number of turns and be removed after the combat, instance is over (fixme)
************* Module FUNCLG.character.roles
FUNCLG/character/roles.py:42:9: W0511: TODO: self.stats (fixme)
FUNCLG/character/roles.py:48:5: W0511: TODO: add check/validation for duplicates (fixme)
************* Module FUNCLG.character.stats
FUNCLG/character/stats.py:84:66: C0303: Trailing whitespace (trailing-whitespace)
FUNCLG/character/stats.py:21:5: W0511: TODO: Create a more abstract load based on STAT_TYPES (fixme)
FUNCLG/character/stats.py:70:1: W0511: TODO: Consider if level/level up is a common function for all stats and can be added to base class (fixme)
FUNCLG/character/stats.py:74:1: W0511: TODO: Create an equipment class (fixme)
FUNCLG/character/stats.py:82:1: W0511: TODO: Create an abilities class (fixme)
FUNCLG/character/stats.py:90:1: W0511: TODO: Create an armor stat (fixme)
FUNCLG/character/stats.py:99:1: W0511: TODO: Create a role stat class (fixme)
FUNCLG/character/stats.py:107:1: W0511: TODO: Build Character stats (fixme)
FUNCLG/character/stats.py:59:8: W0107: Unnecessary pass statement (unnecessary-pass)
FUNCLG/character/stats.py:75:0: W0105: String statement has no effect (pointless-string-statement)
FUNCLG/character/stats.py:83:0: W0105: String statement has no effect (pointless-string-statement)
FUNCLG/character/stats.py:91:0: W0105: String statement has no effect (pointless-string-statement)
FUNCLG/character/stats.py:100:0: W0105: String statement has no effect (pointless-string-statement)
FUNCLG/character/stats.py:108:0: W0105: String statement has no effect (pointless-string-statement)
************* Module FUNCLG.utils.types
FUNCLG/utils/types.py:8:1: W0511: TODO: Turn constants into tuples that way the the str or int value can be used (fixme)
FUNCLG/utils/types.py:51:1: W0511: TODO: needs to be fixed (fixme)

------------------------------------------------------------------
Your code has been rated at 9.25/10 (previous run: 9.25/10, -0.00)


-----PYRIGHT-----

npm ERR! code EAI_AGAIN
npm ERR! errno EAI_AGAIN
npm ERR! request to https://registry.npmjs.org/pyright failed, reason: getaddrinfo EAI_AGAIN registry.npmjs.org registry.npmjs.org:443

npm ERR! A complete log of this run can be found in:
npm ERR!     /home/jevinle/.npm/_logs/2022-04-06T05_40_32_146Z-debug.log

Traceback (most recent call last):
  File "/home/jevinle/.cache/pypoetry/virtualenvs/funclg-cOw5GY8x-py3.8/bin/pyright", line 8, in <module>
    sys.exit(entrypoint())
  File "/home/jevinle/.cache/pypoetry/virtualenvs/funclg-cOw5GY8x-py3.8/lib/python3.8/site-packages/pyright/cli.py", line 46, in entrypoint
    sys.exit(main(sys.argv[1:]))
  File "/home/jevinle/.cache/pypoetry/virtualenvs/funclg-cOw5GY8x-py3.8/lib/python3.8/site-packages/pyright/cli.py", line 20, in main
    return run(*args, **kwargs).returncode
  File "/home/jevinle/.cache/pypoetry/virtualenvs/funclg-cOw5GY8x-py3.8/lib/python3.8/site-packages/pyright/cli.py", line 28, in run
    version = node.latest('pyright')
  File "/home/jevinle/.cache/pypoetry/virtualenvs/funclg-cOw5GY8x-py3.8/lib/python3.8/site-packages/pyright/node.py", line 145, in latest
    raise errors.VersionCheckFailed(
pyright.errors.VersionCheckFailed: Version check for pyright failed, see output above.
