######TESTING REPORT######

Date: Thu Sep 22 09:05:32 PDT 2022 

---PYTEST---

============================= test session starts ==============================
platform linux -- Python 3.8.10, pytest-7.1.1, pluggy-1.0.0
rootdir: /mnt/c/Users/jevin/OneDrive/Documents/CODING/Dev, configfile: pyproject.toml
plugins: cov-3.0.0
collected 91 items

tests/test_character/test_abilities.py .......                           [  7%]
tests/test_character/test_armor.py ...............                       [ 24%]
tests/test_character/test_character.py ........                          [ 32%]
tests/test_character/test_equipment.py ...............                   [ 49%]
tests/test_character/test_modifiers.py .........                         [ 59%]
tests/test_character/test_roles.py ............                          [ 72%]
tests/test_character/test_stats.py ............                          [ 85%]
tests/test_main/test_main.py .                                           [ 86%]
tests/test_managers/test_modifier_manager.py .......                     [ 94%]
tests/test_utils/test_types.py .....                                     [100%]

---------- coverage: platform linux, python 3.8.10-final-0 -----------
Name                                   Stmts   Miss Branch BrPart  Cover   Missing
----------------------------------------------------------------------------------
funclg/__init__.py                         0      0      0      0   100%
funclg/__main__.py                        29     15      4      1    45%   46-57, 61-68, 72
funclg/character/__init__.py               0      0      0      0   100%
funclg/character/abilities.py             36      1      4      0    98%   56
funclg/character/armor.py                127      1     34      1    99%   108
funclg/character/character.py             56      1     14      0    99%   81
funclg/character/equipment.py             84      1     14      0    99%   57
funclg/character/modifiers.py             67      0     30      0   100%
funclg/character/roles.py                 70      1     26      0    99%   55
funclg/character/stats.py                 61      0     30      0   100%
funclg/managers/__init__.py               13      0      2      0   100%
funclg/managers/abilities_manager.py      17      7      0      0    59%   20-21, 25, 29-30, 34-35
funclg/managers/character_manager.py      17      7      0      0    59%   19-20, 24, 28-29, 33-34
funclg/managers/equipment_manager.py      66     49     30      1    19%   22-30, 34-37, 42-44, 48-49, 55-66, 70-83, 87-90, 99-108, 125-128
funclg/managers/modifier_manager.py       75      0     32      2    98%   97->exit, 125->exit
funclg/managers/roles_manager.py          24     14      6      0    33%   26, 30-34, 38, 42-48
funclg/utils/__init__.py                   0      0      0      0   100%
funclg/utils/data_mgmt.py                 47     18     10      0    61%   45-53, 58-67
funclg/utils/input_validation.py          41     32     16      0    16%   16-25, 32-33, 40, 47-49, 56-59, 64-70, 76-85
funclg/utils/menu_funcs.py                40     18     16      0    50%   15-16, 36-59
funclg/utils/types.py                     25      0      6      0   100%
----------------------------------------------------------------------------------
TOTAL                                    895    165    274      5    80%

FAIL Required test coverage of 100.0% not reached. Total coverage: 79.81%

============================== 91 passed in 1.74s ==============================

---Code Quality Report---


-----ISORT-----


-----BLACK-----

All done! ✨ 🍰 ✨
21 files left unchanged.

-----BANDIT-----


-----XENON-----


-----PYLINT-----

************* Module funclg.__main__
funclg/__main__.py:39:34: W0511: TODO: add play instance (fixme)
************* Module funclg.character.abilities
funclg/character/abilities.py:44:12: W0511: TODO: Will likely become a modifier and need to create whether it is direct to self or other (fixme)
funclg/character/abilities.py:20:0: W0105: String statement has no effect (pointless-string-statement)
************* Module funclg.character.equipment
funclg/character/equipment.py:169:5: W0511: TODO: Override details to include the weapon type (fixme)
************* Module funclg.character.modifiers
funclg/character/modifiers.py:69:9: W0511: TODO: Add check for percentage and add, and compare against the MOD_ADD_RANGE and MOD_MULT_RANGE (fixme)
funclg/character/modifiers.py:12:0: W0611: Unused MOD_ADD_RANGE imported from utils.types (unused-import)
funclg/character/modifiers.py:12:0: W0611: Unused MOD_MULT_RANGE imported from utils.types (unused-import)
************* Module funclg.character.roles
funclg/character/roles.py:120:5: W0511: def show_powers(): #TODO Define me (fixme)
funclg/character/roles.py:121:5: W0511: def copy(): # TODO: Roles copy method: unsure if needed (fixme)
************* Module funclg.character.stats
funclg/character/stats.py:114:1: W0511: TODO: Create a role stat class (fixme)
funclg/character/stats.py:122:1: W0511: TODO: Build Character stats (fixme)
funclg/character/stats.py:115:0: W0105: String statement has no effect (pointless-string-statement)
funclg/character/stats.py:123:0: W0105: String statement has no effect (pointless-string-statement)
************* Module funclg.managers.abilities_manager
funclg/managers/abilities_manager.py:48:1: W0511: TODO: Remove Comment (fixme)
funclg/managers/abilities_manager.py:7:0: W0611: Unused logger imported from loguru (unused-import)
funclg/managers/abilities_manager.py:9:0: W0611: Unused funclg.utils.data_mgmt imported as db (unused-import)
funclg/managers/abilities_manager.py:10:0: W0611: Unused Abilities imported from funclg.character.abilities (unused-import)
funclg/managers/abilities_manager.py:11:0: W0611: Unused char_manager_choice_selection imported from funclg.utils.input_validation (unused-import)
funclg/managers/abilities_manager.py:11:0: W0611: Unused yes_no_validation imported from funclg.utils.input_validation (unused-import)
************* Module funclg.managers.character_manager
funclg/managers/character_manager.py:47:1: W0511: TODO: Remove me (fixme)
funclg/managers/character_manager.py:6:0: W0611: Unused logger imported from loguru (unused-import)
funclg/managers/character_manager.py:8:0: W0611: Unused funclg.utils.data_mgmt imported as db (unused-import)
funclg/managers/character_manager.py:9:0: W0611: Unused Character imported from funclg.character.character (unused-import)
funclg/managers/character_manager.py:10:0: W0611: Unused char_manager_choice_selection imported from funclg.utils.input_validation (unused-import)
funclg/managers/character_manager.py:10:0: W0611: Unused yes_no_validation imported from funclg.utils.input_validation (unused-import)
************* Module funclg.managers.equipment_manager
funclg/managers/equipment_manager.py:40:1: W0511: TODO design these to be just the creation function (fixme)
funclg/managers/equipment_manager.py:60:8: E1111: Assigning result of a function call, where the function has no return (assignment-from-no-return)
funclg/managers/equipment_manager.py:62:8: E1111: Assigning result of a function call, where the function has no return (assignment-from-no-return)
funclg/managers/equipment_manager.py:16:0: W0611: Unused ARMOR_TYPES imported from funclg.utils.types (unused-import)
funclg/managers/equipment_manager.py:16:0: W0611: Unused ITEM_TYPES imported from funclg.utils.types (unused-import)
funclg/managers/equipment_manager.py:16:0: W0611: Unused WEAPON_TYPES imported from funclg.utils.types (unused-import)
************* Module funclg.managers.modifier_manager
funclg/managers/modifier_manager.py:26:1: W0511: TODO: Create/modify the build to allow for random creation (fixme)
funclg/managers/modifier_manager.py:35:1: W0511: def mod_name_duplicate_check(): # TODO Create Me (fixme)
funclg/managers/modifier_manager.py:38:21: W0511: TODO Delete Function (fixme)
funclg/managers/modifier_manager.py:49:21: W0511: TODO Delete Function (fixme)
funclg/managers/modifier_manager.py:56:1: W0511: TODO: Change function to be allow the user to define each attribute of the MOD type, for each type decide if wanted or not, if so which type (percetage or base) (positive or nega), return values. (fixme)
funclg/managers/modifier_manager.py:107:25: W0511: TODO Delete Function (fixme)
funclg/managers/modifier_manager.py:114:23: W0511: TODO Delete Function (fixme)
funclg/managers/modifier_manager.py:121:25: W0511: TODO Delete Function (fixme)
funclg/managers/modifier_manager.py:135:1: W0511: TODO Delete Function (fixme)
funclg/managers/modifier_manager.py:148:1: W0511: TODO Delete Function (fixme)
funclg/managers/modifier_manager.py:151:1: W0511: TODO Delete Function (fixme)
funclg/managers/modifier_manager.py:27:0: W0105: String statement has no effect (pointless-string-statement)
************* Module funclg.managers.roles_manager
funclg/managers/roles_manager.py:18:1: W0511: def mod_name_duplicate_check(): # TODO Create Me (fixme)
funclg/managers/roles_manager.py:19:1: W0511: def export_db() # TODO Create me (fixme)
funclg/managers/roles_manager.py:21:1: W0511: def load_db() # TODO Create me (fixme)
funclg/managers/roles_manager.py:61:1: W0511: TODO Remove me (fixme)
funclg/managers/roles_manager.py:10:0: W0611: Unused Roles imported from funclg.character.roles (unused-import)
************* Module funclg.utils.data_mgmt
funclg/utils/data_mgmt.py:37:1: W0511: TODO may need to move assertion error to validate method (fixme)
funclg/utils/data_mgmt.py:50:9: W0511: TODO may want to re-validate name before creating (fixme)

------------------------------------------------------------------
Your code has been rated at 9.35/10 (previous run: 9.35/10, +0.00)


-----PYRIGHT-----

npx: installed 1 in 7.252s
No configuration file found.
pyproject.toml file found at /mnt/c/Users/jevin/OneDrive/Documents/CODING/Dev/FUNCLG.
Loading pyproject.toml file at /mnt/c/Users/jevin/OneDrive/Documents/CODING/Dev/FUNCLG/pyproject.toml
Pyproject file "/mnt/c/Users/jevin/OneDrive/Documents/CODING/Dev/FUNCLG/pyproject.toml" is missing "[tool.pyright]" section.
stubPath /mnt/c/Users/jevin/OneDrive/Documents/CODING/Dev/FUNCLG/typings is not a valid directory.
Assuming Python platform Linux
Searching for source files
Found 21 source files
/mnt/c/Users/jevin/OneDrive/Documents/CODING/Dev/FUNCLG/funclg/managers/equipment_manager.py
  /mnt/c/Users/jevin/OneDrive/Documents/CODING/Dev/FUNCLG/funclg/managers/equipment_manager.py:43:27 - error: Argument of type "Literal['']" cannot be assigned to parameter "items" of type "List[Any]" in function "list_choice_selection"
    "Literal['']" is incompatible with "List[Any]" (reportGeneralTypeIssues)
/mnt/c/Users/jevin/OneDrive/Documents/CODING/Dev/FUNCLG/funclg/utils/data_mgmt.py
  /mnt/c/Users/jevin/OneDrive/Documents/CODING/Dev/FUNCLG/funclg/utils/data_mgmt.py:52:19 - error: "filename" is possibly unbound (reportUnboundVariable)
  /mnt/c/Users/jevin/OneDrive/Documents/CODING/Dev/FUNCLG/funclg/utils/data_mgmt.py:53:22 - error: "filename" is possibly unbound (reportUnboundVariable)
3 errors, 0 warnings, 0 informations 
Completed in 2.847sec
