######TESTING REPORT######

Date: Sat Nov 26 20:07:10 PST 2022 

---PYTEST---

============================= test session starts ==============================
platform linux -- Python 3.8.10, pytest-7.2.0, pluggy-1.0.0
rootdir: /mnt/c/Users/jevin/OneDrive/Documents/CODING/Dev, configfile: pyproject.toml
plugins: cov-3.0.0
collected 101 items

tests/test_character/test_abilities.py ......                            [  5%]
tests/test_character/test_armor.py ...............                       [ 20%]
tests/test_character/test_character.py ........                          [ 28%]
tests/test_character/test_equipment.py ...............                   [ 43%]
tests/test_character/test_modifiers.py .........                         [ 52%]
tests/test_character/test_roles.py .............                         [ 65%]
tests/test_character/test_stats.py ............                          [ 77%]
tests/test_main/test_main.py .                                           [ 78%]
tests/test_managers/test_abilities_manager.py .......                    [ 85%]
tests/test_managers/test_equipment_manager.py ........                   [ 93%]
tests/test_managers/test_modifier_manager.py ...                         [ 96%]
tests/test_utils/test_types.py ....                                      [100%]

---------- coverage: platform linux, python 3.8.10-final-0 -----------
Name                                   Stmts   Miss Branch BrPart  Cover   Missing
----------------------------------------------------------------------------------
funclg/__init__.py                         0      0      0      0   100%
funclg/__main__.py                        29     15      4      1    45%   46-57, 61-68, 72
funclg/character/__init__.py               0      0      0      0   100%
funclg/character/abilities.py             66      0     18      0   100%
funclg/character/armor.py                127      1     32      1    99%   108
funclg/character/character.py             56      1     12      0    99%   83
funclg/character/equipment.py             84      0      8      0   100%
funclg/character/modifiers.py             64      0     30      0   100%
funclg/character/roles.py                 73      0     24      0   100%
funclg/character/stats.py                 61      0     28      0   100%
funclg/managers/__init__.py               12      0      2      0   100%
funclg/managers/abilities_manager.py      67      0     24      0   100%
funclg/managers/character_manager.py      17      7      0      0    59%   20-21, 25, 29-30, 34-35
funclg/managers/equipment_manager.py      85      0     26      0   100%
funclg/managers/modifier_manager.py       65      0     26      0   100%
funclg/managers/roles_manager.py         116     88     44      1    21%   28->27, 38-41, 46-68, 75-125, 131-156, 166-169, 173-179, 183-194
funclg/utils/__init__.py                   0      0      0      0   100%
funclg/utils/data_mgmt.py                 48     13     10      1    69%   41->55, 45-54, 65-68
funclg/utils/input_validation.py          41     28     16      0    30%   16-25, 32-33, 40, 47-49, 64-70, 76-85
funclg/utils/menu_funcs.py                40     18     14      0    48%   15-16, 36-59
funclg/utils/types.py                     19      0      6      0   100%
----------------------------------------------------------------------------------
TOTAL                                   1070    171    324      4    83%

FAIL Required test coverage of 100.0% not reached. Total coverage: 82.71%

======================= 101 passed, 2 warnings in 1.60s ========================

---Code Quality Report---


-----ISORT-----


-----BLACK-----

All done! ✨ 🍰 ✨
21 files left unchanged.

-----BANDIT-----


-----XENON-----


-----PYLINT-----

************* Module funclg.__main__
funclg/__main__.py:39:34: W0511: TODO: add play instance (fixme)
************* Module funclg.character.abilities
funclg/character/abilities.py:21:1: W0511: TODO: add energy cost attribute (fixme)
************* Module funclg.character.character
funclg/character/character.py:38:5: W0511: TODO: Update initialization process so that the role decides the armor type for the character and then all armor and equips will validate for the role (fixme)
************* Module funclg.character.equipment
funclg/character/equipment.py:170:5: W0511: TODO: Override details to include the weapon type (fixme)
************* Module funclg.character.modifiers
funclg/character/modifiers.py:66:9: W0511: TODO: Add check for percentage and add, and compare against the MOD_ADD_RANGE and MOD_MULT_RANGE (fixme)
************* Module funclg.character.roles
funclg/character/roles.py:136:5: W0511: def show_powers(): #TODO Define me (fixme)
************* Module funclg.character.stats
funclg/character/stats.py:114:1: W0511: TODO: Create a role stat class (fixme)
funclg/character/stats.py:122:1: W0511: TODO: Build Character stats (fixme)
funclg/character/stats.py:115:0: W0105: String statement has no effect (pointless-string-statement)
funclg/character/stats.py:123:0: W0105: String statement has no effect (pointless-string-statement)
************* Module funclg.managers.abilities_manager
funclg/managers/abilities_manager.py:38:1: W0511: TODO: need to add a condition to not return so that there is not lose data (fixme)
funclg/managers/abilities_manager.py:39:1: W0511: TODO: Need to update so that if a new role is created and the user wants to create a new ability the selected ability types can be passed in only used (fixme)
funclg/managers/abilities_manager.py:43:5: W0511: TODO: Add description print out (fixme)
funclg/managers/abilities_manager.py:53:5: W0511: TODO: Need to be able to chose the mod for the ability they want (fixme)
************* Module funclg.managers.character_manager
funclg/managers/character_manager.py:19:5: W0511: TODO: Update initialization process so that the role decides the armor type for the character and then all armor and equips will validate for the role (fixme)
funclg/managers/character_manager.py:48:1: W0511: TODO: Remove me (fixme)
funclg/managers/character_manager.py:6:0: W0611: Unused logger imported from loguru (unused-import)
funclg/managers/character_manager.py:8:0: W0611: Unused funclg.utils.data_mgmt imported as db (unused-import)
funclg/managers/character_manager.py:9:0: W0611: Unused Character imported from funclg.character.character (unused-import)
funclg/managers/character_manager.py:10:0: W0611: Unused char_manager_choice_selection imported from funclg.utils.input_validation (unused-import)
funclg/managers/character_manager.py:10:0: W0611: Unused yes_no_validation imported from funclg.utils.input_validation (unused-import)
************* Module funclg.managers.equipment_manager
funclg/managers/equipment_manager.py:24:5: W0511: TODO: On edit, needs to update all values (fixme)
************* Module funclg.managers.modifier_manager
funclg/managers/modifier_manager.py:49:1: W0511: TODO: Create/modify the build to allow for random creation (fixme)
funclg/managers/modifier_manager.py:51:1: W0511: TODO Convert method to be able to handle multiple types of modifier generations. May require creating sub methods for the different types, weapon, armor, and abilities (fixme)
funclg/managers/modifier_manager.py:80:1: W0511: TODO: Change function to be allow the user to define each attribute of the MOD type, for each type decide if wanted or not, if so which type (percetage or base) (positive or nega), return values. (fixme)
************* Module funclg.managers.roles_manager
funclg/managers/roles_manager.py:24:5: W0511: TODO: On edit, needs to update all values (fixme)
funclg/managers/roles_manager.py:53:9: W0511: TODO: Add description print out (fixme)
funclg/managers/roles_manager.py:71:1: W0511: TODO add an option for adding no roles (fixme)
funclg/managers/roles_manager.py:124:5: W0511: TODO: Future: consider option to create a new one (fixme)
************* Module funclg.utils.data_mgmt
funclg/utils/data_mgmt.py:37:1: W0511: TODO may need to move assertion error to validate method (fixme)
funclg/utils/data_mgmt.py:50:9: W0511: TODO may want to re-validate name before creating (fixme)
************* Module funclg.utils.types
funclg/utils/types.py:16:1: W0511: TODO Add descriptions (fixme)
funclg/utils/types.py:36:9: W0511: TODO: Change to 'Basic' types or something that is not none (fixme)

------------------------------------------------------------------
Your code has been rated at 9.69/10 (previous run: 9.69/10, +0.00)


-----PYRIGHT-----

npx: installed 1 in 7.166s
No configuration file found.
pyproject.toml file found at /mnt/c/Users/jevin/OneDrive/Documents/CODING/Dev/FUNCLG.
Loading pyproject.toml file at /mnt/c/Users/jevin/OneDrive/Documents/CODING/Dev/FUNCLG/pyproject.toml
Pyproject file "/mnt/c/Users/jevin/OneDrive/Documents/CODING/Dev/FUNCLG/pyproject.toml" is missing "[tool.pyright]" section.
stubPath /mnt/c/Users/jevin/OneDrive/Documents/CODING/Dev/FUNCLG/typings is not a valid directory.
Assuming Python platform Linux
(node:640) UnhandledPromiseRejectionWarning: TypeError: [(...this._cachedTypeshedThirdPartyPackagePaths.values(...))].flatMap is not a function
    at t.ImportResolver._buildTypeshedThirdPartyPackageMap (/home/jevinle/.npm/_npx/640/lib/node_modules/pyright/dist/pyright-internal/src/analyzer/importResolver.ts:1677:87)
    at t.ImportResolver._getThirdPartyTypeshedPackageRoots (/home/jevinle/.npm/_npx/640/lib/node_modules/pyright/dist/pyright-internal/src/analyzer/importResolver.ts:1870:18)
    at t.ImportResolver.getImportRoots (/home/jevinle/.npm/_npx/640/lib/node_modules/pyright/dist/pyright-internal/src/analyzer/importResolver.ts:746:42)
    at t.ImportResolver.ensurePartialStubPackages (/home/jevinle/.npm/_npx/640/lib/node_modules/pyright/dist/pyright-internal/src/analyzer/importResolver.ts:854:64)
    at t.BackgroundAnalysisProgram._ensurePartialStubPackages (/home/jevinle/.npm/_npx/640/lib/node_modules/pyright/dist/pyright-internal/src/analyzer/backgroundAnalysisProgram.ts:232:37)
    at forEach (/home/jevinle/.npm/_npx/640/lib/node_modules/pyright/dist/pyright-internal/src/analyzer/backgroundAnalysisProgram.ts:85:76)
    at Array.forEach (<anonymous>)
    at t.BackgroundAnalysisProgram.setImportResolver (/home/jevinle/.npm/_npx/640/lib/node_modules/pyright/dist/pyright-internal/src/analyzer/backgroundAnalysisProgram.ts:85:56)
    at C._applyConfigOptions (/home/jevinle/.npm/_npx/640/lib/node_modules/pyright/dist/pyright-internal/src/analyzer/service.ts:1646:41)
    at C.setOptions (/home/jevinle/.npm/_npx/640/lib/node_modules/pyright/dist/pyright-internal/src/analyzer/service.ts:282:14)
    at processArgs (/home/jevinle/.npm/_npx/640/lib/node_modules/pyright/dist/pyright-internal/src/pyright.ts:390:13)
    at main (/home/jevinle/.npm/_npx/640/lib/node_modules/pyright/dist/pyright-internal/src/pyright.ts:828:28)
    at Object.call (/home/jevinle/.npm/_npx/640/lib/node_modules/pyright/dist/pyright/src/pyright.ts:3:1)
    at __webpack_require__ (/home/jevinle/.npm/_npx/640/lib/node_modules/pyright/dist/webpack/bootstrap:19:32)
    at fn (/home/jevinle/.npm/_npx/640/lib/node_modules/pyright/dist/webpack/bootstrap:35:79)
    at Function.O (/home/jevinle/.npm/_npx/640/lib/node_modules/pyright/dist/webpack/runtime/chunk loaded:23:12)
    at next (/home/jevinle/.npm/_npx/640/lib/node_modules/pyright/dist/webpack/bootstrap:36:44)
    at Function.x (/home/jevinle/.npm/_npx/640/lib/node_modules/pyright/dist/webpack/runtime/startup chunk dependencies:5:9)
    at /home/jevinle/.npm/_npx/640/lib/node_modules/pyright/dist/webpack/startup:2:47
    at Object.<anonymous> (/home/jevinle/.npm/_npx/640/lib/node_modules/pyright/dist/pyright.js:1:1998)
    at Module._compile (internal/modules/cjs/loader.js:778:30)
    at Object.Module._extensions..js (internal/modules/cjs/loader.js:789:10)
    at Module.load (internal/modules/cjs/loader.js:653:32)
    at tryModuleLoad (internal/modules/cjs/loader.js:593:12)
    at Function.Module._load (internal/modules/cjs/loader.js:585:3)
    at Module.require (internal/modules/cjs/loader.js:692:17)
    at require (internal/modules/cjs/helpers.js:25:18)
    at Object.<anonymous> (/home/jevinle/.npm/_npx/640/lib/node_modules/pyright/index.js:8:1)
    at Module._compile (internal/modules/cjs/loader.js:778:30)
    at Object.Module._extensions..js (internal/modules/cjs/loader.js:789:10)
    at Module.load (internal/modules/cjs/loader.js:653:32)
    at tryModuleLoad (internal/modules/cjs/loader.js:593:12)
    at Function.Module._load (internal/modules/cjs/loader.js:585:3)
    at Function.Module.runMain (internal/modules/cjs/loader.js:831:12)
    at findNodeScript.then.existing (/usr/share/nodejs/libnpx/index.js:268:14)
(node:640) UnhandledPromiseRejectionWarning: Unhandled promise rejection. This error originated either by throwing inside of an async function without a catch block, or by rejecting a promise which was not handled with .catch(). (rejection id: 2)
(node:640) [DEP0018] DeprecationWarning: Unhandled promise rejections are deprecated. In the future, promise rejections that are not handled will terminate the Node.js process with a non-zero exit code.
