######TESTING REPORT######

Date: Fri Apr  1 01:47:50 CDT 2022 

---PYTEST---

============================= test session starts ==============================
platform linux -- Python 3.8.10, pytest-7.1.1, pluggy-1.0.0
rootdir: /mnt/c/Users/jevin/OneDrive/Documents/CODING/Dev, configfile: pyproject.toml
plugins: cov-3.0.0
collected 40 items

tests/test_character/test_character_abilities.py .....E                  [ 15%]
tests/test_character/test_character_armor.py .........                   [ 37%]
tests/test_character/test_character_equipment.py .......                 [ 55%]
tests/test_character/test_character_modifiers.py ........                [ 75%]
tests/test_character/test_character_roles.py ..........                  [100%]

==================================== ERRORS ====================================
________________ ERROR at setup of test_abilities_print_to_file ________________
file /mnt/c/Users/jevin/OneDrive/Documents/CODING/Dev/FUNCLG/tests/test_character/test_character_abilities.py, line 56
  def test_abilities_print_to_file(self):
E       fixture 'self' not found
>       available fixtures: abilities_all_types, abilities_detail_expectation, abilities_export_expectation, abilities_str_expectation, cache, capfd, capfdbinary, caplog, capsys, capsysbinary, cov, doctest_namespace, monkeypatch, no_cover, pytestconfig, record_property, record_testsuite_property, record_xml_attribute, recwarn, tmp_path, tmp_path_factory, tmpdir, tmpdir_factory
>       use 'pytest --fixtures [testpath]' for help on them.

/mnt/c/Users/jevin/OneDrive/Documents/CODING/Dev/FUNCLG/tests/test_character/test_character_abilities.py:56

---------- coverage: platform linux, python 3.8.10-final-0 -----------
Name                               Stmts   Miss  Cover   Missing
----------------------------------------------------------------
FUNCLG/__init__.py                     0      0   100%
FUNCLG/__main__.py                     0      0   100%
FUNCLG/character/__init__.py           0      0   100%
FUNCLG/character/abilities.py         31      3    90%   54-56
FUNCLG/character/armor.py             87      1    99%   131
FUNCLG/character/equipment.py         42      2    95%   79, 82
FUNCLG/character/modifiers.py         63      0   100%
FUNCLG/character/roles.py             61      0   100%
FUNCLG/character/stats.py             35     22    37%   27-34, 40, 43-44, 47-54, 59, 62-67
FUNCLG/main.py                         0      0   100%
FUNCLG/utils/__init__.py               0      0   100%
FUNCLG/utils/modifier_builder.py       0      0   100%
FUNCLG/utils/types.py                 24      1    96%   59
----------------------------------------------------------------
TOTAL                                343     29    92%

FAIL Required test coverage of 100.0% not reached. Total coverage: 91.55%
========================= 39 passed, 1 error in 1.39s ==========================

---Flake 8----

./FUNCLG/character/abilities.py:35:14: T101 fixme found (TODO)
./FUNCLG/character/abilities.py:62:7: T101 fixme found (TODO)
./FUNCLG/character/armor.py:115:15: T101 fixme found (TODO)
./FUNCLG/character/armor.py:118:7: T101 fixme found (TODO)
./FUNCLG/character/armor.py:140:7: T101 fixme found (TODO)
./FUNCLG/character/armor.py:143:7: T101 fixme found (TODO)
./FUNCLG/character/armor.py:32:25: T101 fixme found (TODO)
./FUNCLG/character/armor.py:78:19: T101 fixme found (TODO)
./FUNCLG/character/equipment.py:100:7: T101 fixme found (TODO)
./FUNCLG/character/equipment.py:55:7: T101 fixme found (TODO)
./FUNCLG/character/equipment.py:70:11: T101 fixme found (TODO)
./FUNCLG/character/equipment.py:87:7: T101 fixme found (TODO)
./FUNCLG/character/modifiers.py:120:3: T101 fixme found (TODO)
./FUNCLG/character/roles.py:42:11: T101 fixme found (TODO)
./FUNCLG/character/roles.py:48:7: T101 fixme found (TODO)
./FUNCLG/character/roles.py:71:13: F841 local variable 'old_ability' is assigned to but never used
./FUNCLG/character/roles.py:76:7: T101 fixme found (TODO)
./FUNCLG/character/roles.py:85:38: T101 fixme found (TODO)
./FUNCLG/character/stats.py:107:3: T101 fixme found (TODO)
./FUNCLG/character/stats.py:10:1: F401 'typing_extensions.Self' imported but unused
./FUNCLG/character/stats.py:12:1: F401 '..utils.types.STAT_TYPES' imported but unused
./FUNCLG/character/stats.py:21:7: T101 fixme found (TODO)
./FUNCLG/character/stats.py:70:3: T101 fixme found (TODO)
./FUNCLG/character/stats.py:74:3: T101 fixme found (TODO)
./FUNCLG/character/stats.py:7:1: F401 'typing.Union' imported but unused
./FUNCLG/character/stats.py:82:3: T101 fixme found (TODO)
./FUNCLG/character/stats.py:84:67: W291 trailing whitespace
./FUNCLG/character/stats.py:90:3: T101 fixme found (TODO)
./FUNCLG/character/stats.py:99:3: T101 fixme found (TODO)
./FUNCLG/utils/types.py:17:3: T101 fixme found (TODO)
./FUNCLG/utils/types.py:50:3: T101 fixme found (TODO)
31

---Code Quality Report---


-----ISORT-----


-----BLACK-----

All done! ✨ 🍰 ✨
13 files left unchanged.

-----BANDIT-----


-----XENON-----


-----PYLINT-----

************* Module FUNCLG
FUNCLG/__init__.py:1:0: C0103: Module name "FUNCLG" doesn't conform to snake_case naming style (invalid-name)
************* Module FUNCLG.character.abilities
FUNCLG/character/abilities.py:35:12: W0511: TODO: Will become stats, and a specific sub class that will be more focused for armor (fixme)
FUNCLG/character/abilities.py:62:5: W0511: TODO: Define what happens when using a power. Damage and effect on which stat (fixme)
************* Module FUNCLG.character.armor
FUNCLG/character/armor.py:32:9: W0511: self.stats = #TODO: Stat Object (fixme)
FUNCLG/character/armor.py:78:17: W0511: TODO: add stats update (will probably be a function that will recal the whole thing instead of just removing one) (fixme)
FUNCLG/character/armor.py:115:13: W0511: TODO: add stats update (will probably be a function that will recal the whole thing instead of just removing one) (fixme)
FUNCLG/character/armor.py:118:5: W0511: TODO: Add indention factor (fixme)
FUNCLG/character/armor.py:140:5: W0511: TODO: Need to create an import function that is static to the method (fixme)
FUNCLG/character/armor.py:143:5: W0511: TODO: Need to create a define stats for armor (fixme)
FUNCLG/character/armor.py:22:4: R0913: Too many arguments (7/5) (too-many-arguments)
FUNCLG/character/armor.py:31:40: R1716: Simplify chained comparison between the operands (chained-comparison)
************* Module FUNCLG.character.equipment
FUNCLG/character/equipment.py:55:5: W0511: TODO: add indention factor (fixme)
FUNCLG/character/equipment.py:70:9: W0511: TODO: May have to change function when STATS object is integrated (fixme)
FUNCLG/character/equipment.py:87:5: W0511: TODO: Look to see if this is the best way to copy an object and if there is a better way to send all of the attributes (it may be * or **) (fixme)
FUNCLG/character/equipment.py:100:5: W0511: TODO: Defined method (fixme)
FUNCLG/character/equipment.py:25:4: R0913: Too many arguments (8/5) (too-many-arguments)
************* Module FUNCLG.character.modifiers
FUNCLG/character/modifiers.py:120:1: W0511: TODO: Possibly create a subclass tempMod. This would be the result of an attack and would expire after a number of turns and be removed after the combat, instance is over (fixme)
************* Module FUNCLG.character.roles
FUNCLG/character/roles.py:42:9: W0511: TODO: self.stats (fixme)
FUNCLG/character/roles.py:48:5: W0511: TODO: add check/validation for duplicates (fixme)
FUNCLG/character/roles.py:76:5: W0511: TODO add indention factor (fixme)
FUNCLG/character/roles.py:85:36: W0511: TODO: Add indention here too (fixme)
FUNCLG/character/roles.py:64:31: R1716: Simplify chained comparison between the operands (chained-comparison)
FUNCLG/character/roles.py:70:31: R1716: Simplify chained comparison between the operands (chained-comparison)
************* Module FUNCLG.character.stats
FUNCLG/character/stats.py:84:66: C0303: Trailing whitespace (trailing-whitespace)
FUNCLG/character/stats.py:21:5: W0511: TODO: Create a more abstract load based on STAT_TYPES (fixme)
FUNCLG/character/stats.py:70:1: W0511: TODO: Consider if level/level up is a common function for all stats and can be added to base class (fixme)
FUNCLG/character/stats.py:74:1: W0511: TODO: Create an equipment class (fixme)
FUNCLG/character/stats.py:82:1: W0511: TODO: Create an abilities class (fixme)
FUNCLG/character/stats.py:90:1: W0511: TODO: Create an armor stat (fixme)
FUNCLG/character/stats.py:99:1: W0511: TODO: Create a role stat class (fixme)
FUNCLG/character/stats.py:107:1: W0511: TODO: Build Character stats (fixme)
FUNCLG/character/stats.py:59:8: W0107: Unnecessary pass statement (unnecessary-pass)
FUNCLG/character/stats.py:75:0: W0105: String statement has no effect (pointless-string-statement)
FUNCLG/character/stats.py:83:0: W0105: String statement has no effect (pointless-string-statement)
FUNCLG/character/stats.py:91:0: W0105: String statement has no effect (pointless-string-statement)
FUNCLG/character/stats.py:100:0: W0105: String statement has no effect (pointless-string-statement)
FUNCLG/character/stats.py:108:0: W0105: String statement has no effect (pointless-string-statement)
FUNCLG/character/stats.py:7:0: W0611: Unused Union imported from typing (unused-import)
FUNCLG/character/stats.py:10:0: W0611: Unused Self imported from typing_extensions (unused-import)
FUNCLG/character/stats.py:12:0: W0611: Unused STAT_TYPES imported from utils.types (unused-import)
************* Module FUNCLG.utils.types
FUNCLG/utils/types.py:17:1: W0511: TODO: Rework (fixme)
FUNCLG/utils/types.py:50:1: W0511: TODO: needs to be fixed (fixme)

------------------------------------------------------------------
Your code has been rated at 8.78/10 (previous run: 8.78/10, +0.00)


-----PYRIGHT-----

npx: installed 1 in 6.16s
No configuration file found.
pyproject.toml file found at /mnt/c/Users/jevin/OneDrive/Documents/CODING/Dev/FUNCLG.
Loading pyproject.toml file at /mnt/c/Users/jevin/OneDrive/Documents/CODING/Dev/FUNCLG/pyproject.toml
Pyproject file "/mnt/c/Users/jevin/OneDrive/Documents/CODING/Dev/FUNCLG/pyproject.toml" is missing "[tool.pyright]" section.
stubPath /mnt/c/Users/jevin/OneDrive/Documents/CODING/Dev/FUNCLG/typings is not a valid directory.
Assuming Python platform Linux
Searching for source files
Found 13 source files
/mnt/c/Users/jevin/OneDrive/Documents/CODING/Dev/FUNCLG/FUNCLG/character/armor.py
  /mnt/c/Users/jevin/OneDrive/Documents/CODING/Dev/FUNCLG/FUNCLG/character/armor.py:25:27 - error: Expression of type "None" cannot be assigned to parameter of type "Equipment"
    Type "None" cannot be assigned to type "Equipment" (reportGeneralTypeIssues)
  /mnt/c/Users/jevin/OneDrive/Documents/CODING/Dev/FUNCLG/FUNCLG/character/armor.py:26:28 - error: Expression of type "None" cannot be assigned to parameter of type "Equipment"
    Type "None" cannot be assigned to type "Equipment" (reportGeneralTypeIssues)
  /mnt/c/Users/jevin/OneDrive/Documents/CODING/Dev/FUNCLG/FUNCLG/character/armor.py:27:27 - error: Expression of type "None" cannot be assigned to parameter of type "Equipment"
    Type "None" cannot be assigned to type "Equipment" (reportGeneralTypeIssues)
  /mnt/c/Users/jevin/OneDrive/Documents/CODING/Dev/FUNCLG/FUNCLG/character/armor.py:28:28 - error: Expression of type "None" cannot be assigned to parameter of type "Equipment"
    Type "None" cannot be assigned to type "Equipment" (reportGeneralTypeIssues)
  /mnt/c/Users/jevin/OneDrive/Documents/CODING/Dev/FUNCLG/FUNCLG/character/armor.py:29:29 - error: Expression of type "None" cannot be assigned to parameter of type "Equipment"
    Type "None" cannot be assigned to type "Equipment" (reportGeneralTypeIssues)
5 errors, 0 warnings, 0 informations 
Completed in 2.604sec
