######TESTING REPORT######

Date: Wed Apr 20 11:38:11 PDT 2022 

---PYTEST---

============================= test session starts ==============================
platform linux -- Python 3.8.10, pytest-7.1.1, pluggy-1.0.0
rootdir: /mnt/c/Users/jevin/OneDrive/Documents/CODING/Dev, configfile: pyproject.toml
plugins: cov-3.0.0
collected 51 items

tests/test_character/test_abilities.py .......                           [ 13%]
tests/test_character/test_armor.py ..........                            [ 33%]
tests/test_character/test_equipment.py ..............                    [ 60%]
tests/test_character/test_modifiers.py ........                          [ 76%]
tests/test_character/test_roles.py ............                          [100%]

---------- coverage: platform linux, python 3.8.10-final-0 -----------
Name                               Stmts   Miss  Cover   Missing
----------------------------------------------------------------
FUNCLG/__init__.py                     0      0   100%
FUNCLG/__main__.py                     0      0   100%
FUNCLG/character/__init__.py           2      0   100%
FUNCLG/character/abilities.py         30      0   100%
FUNCLG/character/armor.py             95      0   100%
FUNCLG/character/character.py          2      2     0%   7-9
FUNCLG/character/equipment.py         69      0   100%
FUNCLG/character/modifiers.py         63      0   100%
FUNCLG/character/roles.py             64      0   100%
FUNCLG/character/stats.py             33     22    33%   27-34, 40, 43-44, 47-54, 59, 62-67
FUNCLG/main.py                         0      0   100%
FUNCLG/utils/__init__.py               0      0   100%
FUNCLG/utils/modifier_builder.py       0      0   100%
FUNCLG/utils/types.py                 23      0   100%
----------------------------------------------------------------
TOTAL                                381     24    94%

FAIL Required test coverage of 100.0% not reached. Total coverage: 93.70%

============================== 51 passed in 0.94s ==============================

---Code Quality Report---


-----ISORT-----

Fixing /mnt/c/Users/jevin/OneDrive/Documents/CODING/Dev/FUNCLG/FUNCLG/character/__init__.py

-----BLACK-----

All done! ✨ 🍰 ✨
14 files left unchanged.

-----BANDIT-----


-----XENON-----


-----PYLINT-----

************* Module FUNCLG
FUNCLG/__init__.py:1:1: W0511: TODO: set up all loggers https://github.com/Delgan/loguru/issues/25 (fixme)
FUNCLG/__init__.py:1:0: C0103: Module name "FUNCLG" doesn't conform to snake_case naming style (invalid-name)
************* Module FUNCLG.character.abilities
FUNCLG/character/abilities.py:35:12: W0511: TODO: Will become stats, and a specific sub class that will be more focused for armor (fixme)
FUNCLG/character/abilities.py:62:5: W0511: TODO: Define what happens when using a power. Damage and effect on which stat (fixme)
************* Module FUNCLG.character.armor
FUNCLG/character/armor.py:17:1: W0511: TODO: Create Armor Stat (fixme)
************* Module FUNCLG.character.character
FUNCLG/character/character.py:9:0: W0105: String statement has no effect (pointless-string-statement)
FUNCLG/character/character.py:7:0: W0611: Unused logger imported from loguru (unused-import)
************* Module FUNCLG.character.equipment
FUNCLG/character/equipment.py:20:1: W0511: TODO: Create Equipment Stat (fixme)
FUNCLG/character/equipment.py:46:5: W0511: TODO: Change so that it returns the name values and not numbers (fixme)
FUNCLG/character/equipment.py:78:5: W0511: TODO: Look to see if this is the best way to copy an object and if there is a better way to send all of the attributes (it may be * or **) (fixme)
FUNCLG/character/equipment.py:89:1: W0511: TODO: WeaponEquipment: Define functions [details, export, getstats] (fixme)
************* Module FUNCLG.character.modifiers
FUNCLG/character/modifiers.py:47:5: W0511: TODO: make simplier (needs to be different from detail and not just by one word) (fixme)
FUNCLG/character/modifiers.py:121:1: W0511: TODO: Possibly create a subclass tempMod. This would be the result of an attack and would expire after a number of turns and be removed after the combat, instance is over (fixme)
************* Module FUNCLG.character.roles
FUNCLG/character/roles.py:42:9: W0511: TODO: self.stats (fixme)
FUNCLG/character/roles.py:48:5: W0511: TODO: add check/validation for duplicates (fixme)
************* Module FUNCLG.character.stats
FUNCLG/character/stats.py:84:66: C0303: Trailing whitespace (trailing-whitespace)
FUNCLG/character/stats.py:21:5: W0511: TODO: Create a more abstract load based on STAT_TYPES (fixme)
FUNCLG/character/stats.py:70:1: W0511: TODO: Consider if level/level up is a common function for all stats and can be added to base class (fixme)
FUNCLG/character/stats.py:74:1: W0511: TODO: Create an equipment class (fixme)
FUNCLG/character/stats.py:82:1: W0511: TODO: Create an abilities class (fixme)
FUNCLG/character/stats.py:90:1: W0511: TODO: Create an armor stat (fixme)
FUNCLG/character/stats.py:99:1: W0511: TODO: Create a role stat class (fixme)
FUNCLG/character/stats.py:107:1: W0511: TODO: Build Character stats (fixme)
FUNCLG/character/stats.py:59:8: W0107: Unnecessary pass statement (unnecessary-pass)
FUNCLG/character/stats.py:75:0: W0105: String statement has no effect (pointless-string-statement)
FUNCLG/character/stats.py:83:0: W0105: String statement has no effect (pointless-string-statement)
FUNCLG/character/stats.py:91:0: W0105: String statement has no effect (pointless-string-statement)
FUNCLG/character/stats.py:100:0: W0105: String statement has no effect (pointless-string-statement)
FUNCLG/character/stats.py:108:0: W0105: String statement has no effect (pointless-string-statement)
************* Module FUNCLG.character
FUNCLG/character/__init__.py:1:0: C0114: Missing module docstring (missing-module-docstring)

------------------------------------------------------------------
Your code has been rated at 9.22/10 (previous run: 9.25/10, -0.03)


-----PYRIGHT-----

npx: installed 1 in 8.734s
No configuration file found.
pyproject.toml file found at /mnt/c/Users/jevin/OneDrive/Documents/CODING/Dev/FUNCLG.
Loading pyproject.toml file at /mnt/c/Users/jevin/OneDrive/Documents/CODING/Dev/FUNCLG/pyproject.toml
Pyproject file "/mnt/c/Users/jevin/OneDrive/Documents/CODING/Dev/FUNCLG/pyproject.toml" is missing "[tool.pyright]" section.
stubPath /mnt/c/Users/jevin/OneDrive/Documents/CODING/Dev/FUNCLG/typings is not a valid directory.
Assuming Python platform Linux
Searching for source files
Found 14 source files
/mnt/c/Users/jevin/OneDrive/Documents/CODING/Dev/FUNCLG/FUNCLG/character/armor.py
  /mnt/c/Users/jevin/OneDrive/Documents/CODING/Dev/FUNCLG/FUNCLG/character/armor.py:38:45 - error: Argument of type "Equipment | None" cannot be assigned to parameter "item" of type "Equipment" in function "validate_equipment"
    Type "Equipment | None" cannot be assigned to type "Equipment"
      Type "None" cannot be assigned to type "Equipment" (reportGeneralTypeIssues)
  /mnt/c/Users/jevin/OneDrive/Documents/CODING/Dev/FUNCLG/FUNCLG/character/armor.py:39:46 - error: Argument of type "Equipment | None" cannot be assigned to parameter "item" of type "Equipment" in function "validate_equipment"
    Type "Equipment | None" cannot be assigned to type "Equipment"
      Type "None" cannot be assigned to type "Equipment" (reportGeneralTypeIssues)
  /mnt/c/Users/jevin/OneDrive/Documents/CODING/Dev/FUNCLG/FUNCLG/character/armor.py:40:45 - error: Argument of type "Equipment | None" cannot be assigned to parameter "item" of type "Equipment" in function "validate_equipment"
    Type "Equipment | None" cannot be assigned to type "Equipment"
      Type "None" cannot be assigned to type "Equipment" (reportGeneralTypeIssues)
  /mnt/c/Users/jevin/OneDrive/Documents/CODING/Dev/FUNCLG/FUNCLG/character/armor.py:41:46 - error: Argument of type "Equipment | None" cannot be assigned to parameter "item" of type "Equipment" in function "validate_equipment"
    Type "Equipment | None" cannot be assigned to type "Equipment"
      Type "None" cannot be assigned to type "Equipment" (reportGeneralTypeIssues)
  /mnt/c/Users/jevin/OneDrive/Documents/CODING/Dev/FUNCLG/FUNCLG/character/armor.py:42:47 - error: Argument of type "Equipment | None" cannot be assigned to parameter "item" of type "Equipment" in function "validate_equipment"
    Type "Equipment | None" cannot be assigned to type "Equipment"
      Type "None" cannot be assigned to type "Equipment" (reportGeneralTypeIssues)
5 errors, 0 warnings, 0 informations 
Completed in 2.476sec
