######TESTING REPORT######

Date: Fri Jan 17 19:30:06 PST 2025 

---PYTEST---

============================= test session starts ==============================
platform linux -- Python 3.12.7, pytest-8.3.4, pluggy-1.5.0
rootdir: /home/jevin/Dev/FUNCLG
configfile: pyproject.toml
plugins: cov-6.0.0, anyio-4.8.0
collected 145 items

tests/test_character/test_abilities.py ......                            [  4%]
tests/test_character/test_armor.py ................                      [ 15%]
tests/test_character/test_character.py ........                          [ 20%]
tests/test_character/test_equipment.py .............                     [ 29%]
tests/test_character/test_modifiers.py ..........                        [ 36%]
tests/test_character/test_roles.py .............                         [ 45%]
tests/test_character/test_stats.py ....F.............                    [ 57%]
tests/test_game/test_game_levels.py .....F.                              [ 62%]
tests/test_main/test_main.py .                                           [ 63%]
tests/test_managers/test_abilities_manager.py .......                    [ 68%]
tests/test_managers/test_character_manager.py .....F...                  [ 74%]
tests/test_managers/test_equipment_manager.py .......F.                  [ 80%]
tests/test_managers/test_managers_setup.py .....                         [ 84%]
tests/test_managers/test_roles_manager.py ............                   [ 92%]
tests/test_managers/test_stats_manager.py ...                            [ 94%]
tests/test_utils/test_menu.py .....                                      [ 97%]
tests/test_utils/test_types.py ...                                       [100%]

---------- coverage: platform linux, python 3.10.12-final-0 ----------
Name                                   Stmts   Miss Branch BrPart  Cover   Missing
----------------------------------------------------------------------------------
funclg/__init__.py                         1      0      0      0   100%
funclg/__main__.py                        41     24      6      1    38%   40-44, 57-69, 73-80, 84-86
funclg/character/__init__.py               0      0      0      0   100%
funclg/character/abilities.py             65      0     18      0   100%
funclg/character/armor.py                143      0     46      5    97%   193->195, 195->197, 197->199, 199->201, 201->exit
funclg/character/character.py             85      4     14      0    94%   147-148, 163-166
funclg/character/equipment.py             92      0      8      0   100%
funclg/character/modifiers.py             71      0     34      1    99%   115->118
funclg/character/roles.py                 93      7     26      0    91%   67, 140, 156-160
funclg/character/stats.py                101      1     38      1    99%   60
funclg/game/__init__.py                   11      4      0      0    64%   22, 33, 37, 46
funclg/game/combat.py                      0      0      0      0   100%
funclg/game/game.py                       10      4      0      0    60%   39, 44, 48, 54
funclg/game/level.py                     101      0     40      2    99%   128->exit, 195->198
funclg/game/rewards.py                     0      0      0      0   100%
funclg/managers/__init__.py               34      0      8      0   100%
funclg/managers/abilities_manager.py      69      1     22      1    98%   126
funclg/managers/character_manager.py     120      4     46      5    95%   28-29, 70->69, 73->76, 76->79, 116, 229
funclg/managers/equipment_manager.py      90      4     26      3    94%   23-24, 31->30, 99, 182
funclg/managers/game_manager.py           30     10      8      1    61%   29, 42-54, 64
funclg/managers/level_manager.py          14      6      0      0    57%   13, 17, 21, 25, 29, 33
funclg/managers/roles_manager.py         122      3     44      3    96%   24-25, 31->30, 118->131, 225
funclg/managers/stats_manager.py          84     16     32      0    81%   127-155
funclg/utils/__init__.py                   0      0      0      0   100%
funclg/utils/data_mgmt.py                 51     15      4      1    71%   36-37, 43->56, 47-55, 66-69
funclg/utils/game_enums.py                32      4      0      0    88%   58-72
funclg/utils/input_validation.py          40     28     12      0    23%   18-28, 35-36, 43, 72-85, 97, 106-111, 127-135
funclg/utils/menu_funcs.py                27      0      8      0   100%
funclg/utils/types.py                     18      0      6      1    96%   54->57
----------------------------------------------------------------------------------
TOTAL                                   1545    135    446     25    90%

Required test coverage of 85.0% reached. Total coverage: 90.36%
=========================== short test summary info ============================
FAILED tests/test_character/test_stats.py::test_stats_add_modifier_duplicate_mod
FAILED tests/test_game/test_game_levels.py::test_game_level_alt_display - Ass...
FAILED tests/test_managers/test_character_manager.py::test_char_manager_pick_char_armor_equipment
FAILED tests/test_managers/test_equipment_manager.py::test_equipment_manager_build_equipment
======================== 4 failed, 141 passed in 0.82s =========================

---Code Quality Report---


-----BANDIT-----


-----PYLINT-----

************* Module funclg.character.stats
funclg/character/stats.py:147:5: W0511: TODO: 2023.10.18 - Needs to return a new Stats object and should be loaded as a Stats item in equipment similar to other Characer module copies. (fixme)
************* Module funclg.character.roles
funclg/character/roles.py:33:4: R0917: Too many positional arguments (7/5) (too-many-positional-arguments)
************* Module funclg.character.equipment
funclg/character/equipment.py:30:4: R0917: Too many positional arguments (6/5) (too-many-positional-arguments)
funclg/character/equipment.py:123:4: R0917: Too many positional arguments (6/5) (too-many-positional-arguments)
funclg/character/equipment.py:194:4: R0917: Too many positional arguments (6/5) (too-many-positional-arguments)
************* Module funclg.character.armor
funclg/character/armor.py:25:4: R0917: Too many positional arguments (7/5) (too-many-positional-arguments)

------------------------------------------------------------------
Your code has been rated at 9.99/10 (previous run: 9.88/10, +0.11)

+==============================================================================+

                               /$$$$$$            /$$
                              /$$__  $$          | $$
           /$$$$$$$  /$$$$$$ | $$  \__//$$$$$$  /$$$$$$   /$$   /$$
          /$$_____/ |____  $$| $$$$   /$$__  $$|_  $$_/  | $$  | $$
         |  $$$$$$   /$$$$$$$| $$_/  | $$$$$$$$  | $$    | $$  | $$
          \____  $$ /$$__  $$| $$    | $$_____/  | $$ /$$| $$  | $$
          /$$$$$$$/|  $$$$$$$| $$    |  $$$$$$$  |  $$$$/|  $$$$$$$
         |_______/  \_______/|__/     \_______/   \___/   \____  $$
                                                          /$$  | $$
                                                         |  $$$$$$/
  by pyup.io                                              \______/

+==============================================================================+

 [1mREPORT[0m 

[31m[22m  Safety is using PyUp's free open-source vulnerability database. This
data is 30 days old and limited. [0m
[31m  For real-time enhanced vulnerability data, fix recommendations, severity
reporting, cybersecurity support, team and project policy management and more
sign up at https://pyup.io or email sales@pyup.io[0m

  Safety [1mv2.3.5[0m is scanning for [1mVulnerabilities[0m[1m...[0m
[1m  Scanning dependencies[0m in your [1menvironment:[0m

  -> /home/jevinle/.cache/pypoetry/virtualenvs/funclg-
    AThUaF5z-py3.10/lib/python3.10/site-packages

  Using [1mnon-commercial database[0m
[1m  Found and scanned 69 packages[0m
  Timestamp [1m2023-12-31 09:31:04[0m
[1m  0[0m[1m vulnerabilities found[0m
[1m  0[0m[1m vulnerabilities ignored[0m
+==============================================================================+

 [32m[1mNo known security vulnerabilities found.[0m 

+==============================================================================+

[31m[22m  Safety is using PyUp's free open-source vulnerability database. This
data is 30 days old and limited. [0m
[31m  For real-time enhanced vulnerability data, fix recommendations, severity
reporting, cybersecurity support, team and project policy management and more
sign up at https://pyup.io or email sales@pyup.io[0m

+==============================================================================+[0m
