######TESTING REPORT######

Date: Fri Dec 29 12:01:11 PST 2023 

---PYTEST---

============================= test session starts ==============================
platform linux -- Python 3.10.12, pytest-7.4.3, pluggy-1.3.0
rootdir: /home/jevinle/Dev/FUNCLG
plugins: cov-3.0.0
collected 146 items

tests/test_character/test_abilities.py ......                            [  4%]
tests/test_character/test_armor.py ................                      [ 15%]
tests/test_character/test_character.py .........                         [ 21%]
tests/test_character/test_equipment.py .............                     [ 30%]
tests/test_character/test_modifiers.py ..........                        [ 36%]
tests/test_character/test_roles.py .............                         [ 45%]
tests/test_character/test_stats.py ..................                    [ 58%]
tests/test_game/test_game_levels.py .......                              [ 63%]
tests/test_main/test_main.py .                                           [ 63%]
tests/test_managers/test_abilities_manager.py .......                    [ 68%]
tests/test_managers/test_character_manager.py .F.FF....                  [ 74%]
tests/test_managers/test_equipment_manager.py .........                  [ 80%]
tests/test_managers/test_managers_setup.py FF...                         [ 84%]
tests/test_managers/test_roles_manager.py ............                   [ 92%]
tests/test_managers/test_stats_manager.py ...                            [ 94%]
tests/test_utils/test_menu.py .....                                      [ 97%]
tests/test_utils/test_types.py ...                                       [100%]

=================================== FAILURES ===================================
________________________ test_char_manager_export_data _________________________

m_db = <MagicMock name='update_data' id='139814941604544'>
test_character_mage = {'_id': 'CHARS-16809-QKLNBT-73916', 'armor': {'armor_type': 1, 'back': None, 'chest': <funclg.character.equipment.BodyEquipment object at 0x7f2933ed9750>, 'head': None, ...}, 'armor_type': 1, 'inventory': [], ...}

    @patch("funclg.utils.data_mgmt.update_data")
    def test_char_manager_export_data(m_db, test_character_mage):
        _test_char_mage = test_character_mage.copy()
        _test_char_mage = char_man._update_char_role(test_character_mage, _test_char_mage)
        _test_char_mage = char_man._update_char_armor(test_character_mage, _test_char_mage)
>       char_man.CHARACTER_DATA["objects"][_test_char_mage["_id"]] = char_man.Character(
            **_test_char_mage
        )
E       AttributeError: module 'funclg.managers.character_manager' has no attribute 'Character'

tests/test_managers/test_character_manager.py:132: AttributeError
----------------------------- Captured stderr call -----------------------------
2023-12-29 12:01:13.249 | DEBUG    | funclg.managers.character_manager:_update_char_role:33 - {'name': 'Mage', 'description': 'Magic user', 'armor_type': 1, 'ability_types': ['Magic', 'Buff', 'Debuff', 'Restore'], 'abilities': [{'name': 'Fireball', 'description': 'Throws a fireball at target', 'ability_type': 'Magic', '_target': 'enemy', 'level': 0, 'mod': {'base': {'defense': -446}, 'percentage': {}}, '_id': 'ABILITY-16650-OKNG-98180'}, {'name': 'Empower', 'description': 'Strengthens player', 'ability_type': 'Buff', '_target': 'self', 'level': 0, 'mod': {'base': {}, 'percentage': {'defense': 0.98}}, '_id': 'ABILITY-16650-DXUF-98274'}, {'name': 'Weaken', 'description': 'Weakens an enemy', 'ability_type': 'Debuff', '_target': 'enemy', 'level': 0, 'mod': {'base': {}, 'percentage': {'defense': -0.83}}, '_id': 'ABILITY-16660-TXKX-31305'}], '_id': 'ROLES-16695-ZBLWXR-20642'}
2023-12-29 12:01:13.249 | DEBUG    | funclg.character.abilities:_validate_mods:59 - Mod Checks: defense in ['health', 'defense'] True
2023-12-29 12:01:13.249 | DEBUG    | funclg.character.abilities:__init__:49 - Created Ability: Fireball
2023-12-29 12:01:13.250 | DEBUG    | funclg.character.abilities:_validate_mods:59 - Mod Checks: defense in ['health', 'energy', 'attack', 'defense'] True
2023-12-29 12:01:13.250 | DEBUG    | funclg.character.abilities:__init__:49 - Created Ability: Empower
2023-12-29 12:01:13.250 | DEBUG    | funclg.character.abilities:_validate_mods:59 - Mod Checks: defense in ['health', 'energy', 'attack', 'defense'] True
2023-12-29 12:01:13.250 | DEBUG    | funclg.character.abilities:__init__:49 - Created Ability: Weaken
2023-12-29 12:01:13.250 | DEBUG    | funclg.character.abilities:_validate_mods:59 - Mod Checks: defense in ['health', 'defense'] True
2023-12-29 12:01:13.250 | DEBUG    | funclg.character.abilities:__init__:49 - Created Ability: Fireball
2023-12-29 12:01:13.250 | DEBUG    | funclg.character.abilities:_validate_mods:59 - Mod Checks: defense in ['health', 'energy', 'attack', 'defense'] True
2023-12-29 12:01:13.250 | DEBUG    | funclg.character.abilities:__init__:49 - Created Ability: Empower
2023-12-29 12:01:13.250 | DEBUG    | funclg.character.abilities:_validate_mods:59 - Mod Checks: defense in ['health', 'energy', 'attack', 'defense'] True
2023-12-29 12:01:13.250 | DEBUG    | funclg.character.abilities:__init__:49 - Created Ability: Weaken
2023-12-29 12:01:13.251 | DEBUG    | funclg.character.roles:__init__:56 - Created Role: Mage
2023-12-29 12:01:13.251 | ERROR    | funclg.character.stats:_validate_attributes:85 - _power is not a valid stats attribute
2023-12-29 12:01:13.251 | DEBUG    | funclg.character.equipment:__init__:52 - Created Equipment: Basic Mage Tunic
2023-12-29 12:01:13.251 | DEBUG    | funclg.character.equipment:__init__:52 - Created Equipment: Calins Wand
2023-12-29 12:01:13.251 | DEBUG    | funclg.character.equipment:__init__:52 - Created Equipment: Basic Mage Tunic
2023-12-29 12:01:13.251 | DEBUG    | funclg.character.equipment:__init__:52 - Created Equipment: Calins Wand
_______________________ test_char_manager_show_character _______________________

m_sel = <MagicMock name='select_character' id='139814941565728'>
m_log = <MagicMock name='logger' id='139814941572448'>
m_print = <MagicMock name='print' id='139814941302624'>
test_character_mage = {'_id': 'CHARS-16809-QKLNBT-73916', 'armor': {'armor_type': 1, 'back': None, 'chest': <funclg.character.equipment.BodyEquipment object at 0x7f2933d77f10>, 'head': None, ...}, 'armor_type': 1, 'inventory': [], ...}

    @patch("builtins.print")
    @patch("funclg.managers.character_manager.logger")
    @patch("funclg.managers.character_manager.select_character")
    def test_char_manager_show_character(m_sel, m_log, m_print, test_character_mage):
        # No Data
        m_sel.return_value = None
        char_man.show_character()
        assert m_log.warning.called
    
        # Return Test Value
        m_sel.return_value = test_character_mage["_id"]
        _test_char_mage = test_character_mage.copy()
        _test_char_mage = char_man._update_char_role(test_character_mage, _test_char_mage)
        _test_char_mage = char_man._update_char_armor(test_character_mage, _test_char_mage)
>       char_man.CHARACTER_DATA["objects"][_test_char_mage["_id"]] = char_man.Character(
            **_test_char_mage
        )
E       AttributeError: module 'funclg.managers.character_manager' has no attribute 'Character'

tests/test_managers/test_character_manager.py:172: AttributeError
----------------------------- Captured stderr call -----------------------------
2023-12-29 12:01:13.303 | DEBUG    | funclg.character.abilities:_validate_mods:59 - Mod Checks: defense in ['health', 'defense'] True
2023-12-29 12:01:13.303 | DEBUG    | funclg.character.abilities:__init__:49 - Created Ability: Fireball
2023-12-29 12:01:13.303 | DEBUG    | funclg.character.abilities:_validate_mods:59 - Mod Checks: defense in ['health', 'energy', 'attack', 'defense'] True
2023-12-29 12:01:13.303 | DEBUG    | funclg.character.abilities:__init__:49 - Created Ability: Empower
2023-12-29 12:01:13.303 | DEBUG    | funclg.character.abilities:_validate_mods:59 - Mod Checks: defense in ['health', 'energy', 'attack', 'defense'] True
2023-12-29 12:01:13.303 | DEBUG    | funclg.character.abilities:__init__:49 - Created Ability: Weaken
2023-12-29 12:01:13.304 | DEBUG    | funclg.character.abilities:_validate_mods:59 - Mod Checks: defense in ['health', 'defense'] True
2023-12-29 12:01:13.304 | DEBUG    | funclg.character.abilities:__init__:49 - Created Ability: Fireball
2023-12-29 12:01:13.304 | DEBUG    | funclg.character.abilities:_validate_mods:59 - Mod Checks: defense in ['health', 'energy', 'attack', 'defense'] True
2023-12-29 12:01:13.304 | DEBUG    | funclg.character.abilities:__init__:49 - Created Ability: Empower
2023-12-29 12:01:13.304 | DEBUG    | funclg.character.abilities:_validate_mods:59 - Mod Checks: defense in ['health', 'energy', 'attack', 'defense'] True
2023-12-29 12:01:13.304 | DEBUG    | funclg.character.abilities:__init__:49 - Created Ability: Weaken
2023-12-29 12:01:13.304 | DEBUG    | funclg.character.roles:__init__:56 - Created Role: Mage
2023-12-29 12:01:13.304 | ERROR    | funclg.character.stats:_validate_attributes:85 - _power is not a valid stats attribute
2023-12-29 12:01:13.304 | DEBUG    | funclg.character.equipment:__init__:52 - Created Equipment: Basic Mage Tunic
2023-12-29 12:01:13.304 | DEBUG    | funclg.character.equipment:__init__:52 - Created Equipment: Calins Wand
2023-12-29 12:01:13.305 | DEBUG    | funclg.character.equipment:__init__:52 - Created Equipment: Basic Mage Tunic
2023-12-29 12:01:13.305 | DEBUG    | funclg.character.equipment:__init__:52 - Created Equipment: Calins Wand
________________________ test_char_manager_delete_role _________________________

m_sel = <MagicMock name='select_character' id='139814941592592'>
m_update = <MagicMock name='update_data' id='139814941486880'>
m_confirm = <MagicMock name='confirmation' id='139814941480160'>
m_log = <MagicMock name='logger' id='139814941420384'>
m_print = <MagicMock name='print' id='139814941410880'>
test_character_mage = {'_id': 'CHARS-16809-QKLNBT-73916', 'armor': {'armor_type': 1, 'back': None, 'chest': <funclg.character.equipment.BodyEquipment object at 0x7f2933d689a0>, 'head': None, ...}, 'armor_type': 1, 'inventory': [], ...}

    @patch("builtins.print")
    @patch("funclg.managers.character_manager.logger")
    @patch("funclg.managers.character_manager.confirmation")
    @patch("funclg.managers.character_manager.update_data")
    @patch("funclg.managers.character_manager.select_character")
    def test_char_manager_delete_role(m_sel, m_update, m_confirm, m_log, m_print, test_character_mage):
        # Yes Delete
        _tmp_char = test_character_mage.copy()
        _tmp_char = char_man._update_char_role(test_character_mage, _tmp_char)
        _tmp_char = char_man._update_char_armor(test_character_mage, _tmp_char)
    
>       char_obj = char_man.Character(**_tmp_char)
E       AttributeError: module 'funclg.managers.character_manager' has no attribute 'Character'

tests/test_managers/test_character_manager.py:193: AttributeError
----------------------------- Captured stderr call -----------------------------
2023-12-29 12:01:13.323 | DEBUG    | funclg.character.abilities:_validate_mods:59 - Mod Checks: defense in ['health', 'defense'] True
2023-12-29 12:01:13.323 | DEBUG    | funclg.character.abilities:__init__:49 - Created Ability: Fireball
2023-12-29 12:01:13.323 | DEBUG    | funclg.character.abilities:_validate_mods:59 - Mod Checks: defense in ['health', 'energy', 'attack', 'defense'] True
2023-12-29 12:01:13.323 | DEBUG    | funclg.character.abilities:__init__:49 - Created Ability: Empower
2023-12-29 12:01:13.323 | DEBUG    | funclg.character.abilities:_validate_mods:59 - Mod Checks: defense in ['health', 'energy', 'attack', 'defense'] True
2023-12-29 12:01:13.323 | DEBUG    | funclg.character.abilities:__init__:49 - Created Ability: Weaken
2023-12-29 12:01:13.323 | DEBUG    | funclg.character.abilities:_validate_mods:59 - Mod Checks: defense in ['health', 'defense'] True
2023-12-29 12:01:13.323 | DEBUG    | funclg.character.abilities:__init__:49 - Created Ability: Fireball
2023-12-29 12:01:13.324 | DEBUG    | funclg.character.abilities:_validate_mods:59 - Mod Checks: defense in ['health', 'energy', 'attack', 'defense'] True
2023-12-29 12:01:13.324 | DEBUG    | funclg.character.abilities:__init__:49 - Created Ability: Empower
2023-12-29 12:01:13.324 | DEBUG    | funclg.character.abilities:_validate_mods:59 - Mod Checks: defense in ['health', 'energy', 'attack', 'defense'] True
2023-12-29 12:01:13.324 | DEBUG    | funclg.character.abilities:__init__:49 - Created Ability: Weaken
2023-12-29 12:01:13.324 | DEBUG    | funclg.character.roles:__init__:56 - Created Role: Mage
2023-12-29 12:01:13.324 | ERROR    | funclg.character.stats:_validate_attributes:85 - _power is not a valid stats attribute
2023-12-29 12:01:13.324 | DEBUG    | funclg.character.equipment:__init__:52 - Created Equipment: Basic Mage Tunic
2023-12-29 12:01:13.325 | DEBUG    | funclg.character.equipment:__init__:52 - Created Equipment: Calins Wand
2023-12-29 12:01:13.325 | DEBUG    | funclg.character.equipment:__init__:52 - Created Equipment: Basic Mage Tunic
2023-12-29 12:01:13.325 | DEBUG    | funclg.character.equipment:__init__:52 - Created Equipment: Calins Wand
____________________________ test_manager_load_data ____________________________

m_ability = <MagicMock name='load_data' id='139814940997376'>
m_char = <MagicMock name='load_data' id='139814940988256'>
m_equip = <MagicMock name='load_data' id='139814941686560'>
m_game = <MagicMock name='load_data' id='139814941773056'>
m_level = <MagicMock name='load_data' id='139814940233776'>
m_role = <MagicMock name='load_data' id='139814940245440'>
m_lvl_pack = <MagicMock name='load_data' id='139814941297248'>
m_npc = <MagicMock name='load_data' id='139814941301232'>

    @patch("funclg.managers.npc_man.load_data")
    @patch("funclg.managers.lvl_pack_man.load_data")
    @patch("funclg.managers.role_man.load_data")
    @patch("funclg.managers.level_man.load_data")
    @patch("funclg.managers.game_man.load_data")
    @patch("funclg.managers.equip_man.load_data")
    @patch("funclg.managers.char_man.load_data")
    @patch("funclg.managers.ability_man.load_data")
    def test_manager_load_data(m_ability, m_char, m_equip, m_game, m_level, m_role, m_lvl_pack, m_npc):
        man_build.load_data()
    
        assert m_ability.called
        assert m_char.called
        assert m_equip.called
>       assert m_game.called
E       AssertionError: assert False
E        +  where False = <MagicMock name='load_data' id='139814941773056'>.called

tests/test_managers/test_managers_setup.py:22: AssertionError
____________________________ test_manager_save_data ____________________________

m_ability = <MagicMock name='export_data' id='139814941815808'>
m_char = <MagicMock name='export_data' id='139814941814656'>
m_equip = <MagicMock name='export_data' id='139814940208064'>
m_game = <MagicMock name='export_data' id='139814940462000'>
m_level = <MagicMock name='export_data' id='139814941570288'>
m_role = <MagicMock name='export_data' id='139814940386080'>
m_lvl_pack = <MagicMock name='export_data' id='139814940388000'>
m_npc = <MagicMock name='export_data' id='139814940422544'>

    @patch("funclg.managers.npc_man.export_data")
    @patch("funclg.managers.lvl_pack_man.export_data")
    @patch("funclg.managers.role_man.export_data")
    @patch("funclg.managers.level_man.export_data")
    @patch("funclg.managers.game_man.export_data")
    @patch("funclg.managers.equip_man.export_data")
    @patch("funclg.managers.char_man.export_data")
    @patch("funclg.managers.ability_man.export_data")
    def test_manager_save_data(m_ability, m_char, m_equip, m_game, m_level, m_role, m_lvl_pack, m_npc):
        man_build.save_data()
    
        assert m_ability.called
        assert m_char.called
        assert m_equip.called
>       assert m_game.called
E       AssertionError: assert False
E        +  where False = <MagicMock name='export_data' id='139814940462000'>.called

tests/test_managers/test_managers_setup.py:43: AssertionError

---------- coverage: platform linux, python 3.10.12-final-0 ----------
Name                                    Stmts   Miss Branch BrPart  Cover   Missing
-----------------------------------------------------------------------------------
funclg/__init__.py                          1      0      0      0   100%
funclg/__main__.py                         41     24      6      1    38%   39-43, 56-68, 72-79, 83-85
funclg/character/__init__.py                0      0      0      0   100%
funclg/character/abilities.py              65      0     18      0   100%
funclg/character/armor.py                 143      0     46      5    97%   193->195, 195->197, 197->199, 199->201, 201->exit
funclg/character/character.py              87      2     14      0    96%   148-149
funclg/character/equipment.py              92      0      8      0   100%
funclg/character/modifiers.py              71      0     38      1    99%   115->118
funclg/character/roles.py                  93      7     32      0    91%   67, 140, 156-160
funclg/character/stats.py                 114     12     48      1    86%   49-57, 60-63, 83
funclg/game/__init__.py                     0      0      0      0   100%
funclg/game/combat.py                       0      0      0      0   100%
funclg/game/game.py                        37     37      4      0     0%   15-125
funclg/game/level.py                      109      2     42      2    97%   45, 49, 137->exit, 204->207
funclg/game/rewards.py                      0      0      0      0   100%
funclg/managers/__init__.py                37      0      8      0   100%
funclg/managers/abilities_manager.py       69      1     24      1    98%   126
funclg/managers/character_manager.py      125     25     56      5    79%   27-28, 69->68, 72->75, 75->78, 82-85, 193-196, 202-204, 209-220, 235
funclg/managers/equipment_manager.py       90      3     32      2    96%   23-24, 31->30, 182
funclg/managers/game_manager.py            30     10      8      1    61%   29, 42-54, 64
funclg/managers/level_manager.py           14      6      0      0    57%   13, 17, 21, 25, 29, 33
funclg/managers/level_pack_manager.py      16      7      0      0    56%   13, 17, 21, 25, 29, 33, 37
funclg/managers/npc_manager.py             61     41     20      0    25%   27-28, 32-43, 47-50, 54, 58-61, 65-70, 74-77, 81-92
funclg/managers/roles_manager.py          122      3     52      3    97%   24-25, 31->30, 118->131, 225
funclg/managers/stats_manager.py           88     20     38      0    75%   127-160
funclg/utils/__init__.py                    0      0      0      0   100%
funclg/utils/data_mgmt.py                  51     15     16      1    67%   36-37, 43->56, 47-55, 66-69
funclg/utils/game_enums.py                 35      4      2      0    89%   59-73
funclg/utils/input_validation.py           31     20     14      0    24%   18-19, 26, 55-68, 80, 89-94, 112-124
funclg/utils/menu_funcs.py                 27      0      8      0   100%
funclg/utils/types.py                      18      0      6      1    96%   54->57
-----------------------------------------------------------------------------------
TOTAL                                    1667    239    540     24    84%

FAIL Required test coverage of 95.0% not reached. Total coverage: 84.10%
=========================== short test summary info ============================
FAILED tests/test_managers/test_character_manager.py::test_char_manager_export_data
FAILED tests/test_managers/test_character_manager.py::test_char_manager_show_character
FAILED tests/test_managers/test_character_manager.py::test_char_manager_delete_role
FAILED tests/test_managers/test_managers_setup.py::test_manager_load_data - A...
FAILED tests/test_managers/test_managers_setup.py::test_manager_save_data - A...
================== 5 failed, 141 passed, 2 warnings in 1.64s ===================

---Code Quality Report---


-----BANDIT-----


-----PYLINT-----

************* Module funclg.character.stats
funclg/character/stats.py:170:5: W0511: TODO: 2023.10.18 - Needs to return a new Stats object and should be loaded as a Stats item in equipment similar to other Characer module copies. (fixme)
************* Module funclg.utils.game_enums
funclg/utils/game_enums.py:76:0: C0115: Missing class docstring (missing-class-docstring)
************* Module funclg.game.game
funclg/game/game.py:82:8: R1705: Unnecessary "else" after "return", remove the "else" and de-indent the code inside it (no-else-return)
funclg/game/game.py:20:0: W0611: Unused logger imported from loguru (unused-import)
funclg/game/game.py:23:0: W0611: Unused funclg.managers.level_manager imported as lvl_man (unused-import)
************* Module funclg.managers.npc_manager
funclg/managers/npc_manager.py:9:0: W0611: Unused import funclg.managers.abilities_manager (unused-import)
funclg/managers/npc_manager.py:10:0: W0611: Unused import funclg.managers.equipment_manager (unused-import)
funclg/managers/npc_manager.py:11:0: W0611: Unused import funclg.managers.roles_manager (unused-import)
funclg/managers/npc_manager.py:13:0: W0611: Unused Armor imported from funclg.character.armor (unused-import)
funclg/managers/npc_manager.py:16:0: W0611: Unused string_validation imported from funclg.utils.input_validation (unused-import)
funclg/managers/npc_manager.py:21:0: W0611: Unused ARMOR_TYPES imported from funclg.utils.types (unused-import)
funclg/managers/npc_manager.py:21:0: W0611: Unused ITEM_TYPES imported from funclg.utils.types (unused-import)
************* Module funclg.managers.__init__
funclg/managers/__init__.py:1:0: R0801: Similar lines in 2 files
==funclg.managers.level_manager:[12:36]
==funclg.managers.level_pack_manager:[16:40]
    raise NotImplementedError


def export_data():
    raise NotImplementedError


def create_level_pack():
    raise NotImplementedError


def show_level_pack():
    raise NotImplementedError


def get_level_pack():
    raise NotImplementedError


def delete_level_pack():
    raise NotImplementedError


MENU = { (duplicate-code)
funclg/managers/__init__.py:1:0: R0801: Similar lines in 2 files
==funclg.game.game:[57:81]
==funclg.managers.level_pack_manager:[12:39]
        raise NotImplementedError

    def process_input(self):
        raise NotImplementedError

    def update(self):
        raise NotImplementedError

    def render(self):
        raise NotImplementedError

    def run(self):
        # After the creation of init, this will start the game process and the actions that will happen
        # Could make use of the menus for actions to be taken
        raise NotImplementedError

    def save(self):
        # Need to be able to save game process and status, including level set up and remaining efforts
        raise NotImplementedError

    def load(self):
        raise NotImplementedError

    def _level_set_up(self): (duplicate-code)
funclg/managers/__init__.py:1:0: R0801: Similar lines in 2 files
==funclg.game.game:[60:81]
==funclg.managers.level_pack_manager:[12:36]
    raise NotImplementedError


def update_data():
    raise NotImplementedError


def export_data():
    raise NotImplementedError


def create_level_pack():
    raise NotImplementedError


def show_level_pack():
    raise NotImplementedError


def get_level_pack():
    raise NotImplementedError


def delete_level_pack(): (duplicate-code)
funclg/managers/__init__.py:1:0: R0801: Similar lines in 2 files
==funclg.game.game:[57:78]
==funclg.managers.level_pack_manager:[16:39]
    raise NotImplementedError


def export_data():
    raise NotImplementedError


def create_level_pack():
    raise NotImplementedError


def show_level_pack():
    raise NotImplementedError


def get_level_pack():
    raise NotImplementedError


def delete_level_pack():
    raise NotImplementedError

 (duplicate-code)
funclg/managers/__init__.py:1:0: R0801: Similar lines in 2 files
==funclg.managers.character_manager:[69:77]
==funclg.managers.npc_manager:[34:42]
            new_data = data.copy()

            if data.get("role"):
                new_data = _update_char_role(data, new_data)

            if data.get("armor"):
                new_data = _update_char_armor(data, new_data)
 (duplicate-code)
funclg/managers/__init__.py:1:0: R0801: Similar lines in 2 files
==funclg.game.game:[63:81]
==funclg.managers.level_pack_manager:[12:32]
        raise NotImplementedError

    def render(self):
        raise NotImplementedError

    def run(self):
        # After the creation of init, this will start the game process and the actions that will happen
        # Could make use of the menus for actions to be taken
        raise NotImplementedError

    def save(self):
        # Need to be able to save game process and status, including level set up and remaining efforts
        raise NotImplementedError

    def load(self):
        raise NotImplementedError

    def _level_set_up(self): (duplicate-code)
funclg/managers/__init__.py:1:0: R0801: Similar lines in 2 files
==funclg.game.game:[57:75]
==funclg.managers.level_pack_manager:[20:39]
        raise NotImplementedError

    def process_input(self):
        raise NotImplementedError

    def update(self):
        raise NotImplementedError

    def render(self):
        raise NotImplementedError

    def run(self):
        # After the creation of init, this will start the game process and the actions that will happen
        # Could make use of the menus for actions to be taken
        raise NotImplementedError

    def save(self):
        # Need to be able to save game process and status, including level set up and remaining efforts (duplicate-code)

------------------------------------------------------------------
Your code has been rated at 9.88/10 (previous run: 9.88/10, +0.00)

+==============================================================================+

                               /$$$$$$            /$$
                              /$$__  $$          | $$
           /$$$$$$$  /$$$$$$ | $$  \__//$$$$$$  /$$$$$$   /$$   /$$
          /$$_____/ |____  $$| $$$$   /$$__  $$|_  $$_/  | $$  | $$
         |  $$$$$$   /$$$$$$$| $$_/  | $$$$$$$$  | $$    | $$  | $$
          \____  $$ /$$__  $$| $$    | $$_____/  | $$ /$$| $$  | $$
          /$$$$$$$/|  $$$$$$$| $$    |  $$$$$$$  |  $$$$/|  $$$$$$$
         |_______/  \_______/|__/     \_______/   \___/   \____  $$
                                                          /$$  | $$
                                                         |  $$$$$$/
  by pyup.io                                              \______/

+==============================================================================+

 [1mREPORT[0m 

[31m[22m  Safety is using PyUp's free open-source vulnerability database. This
data is 30 days old and limited. [0m
[31m  For real-time enhanced vulnerability data, fix recommendations, severity
reporting, cybersecurity support, team and project policy management and more
sign up at https://pyup.io or email sales@pyup.io[0m

  Safety [1mv2.3.5[0m is scanning for [1mVulnerabilities[0m[1m...[0m
[1m  Scanning dependencies[0m in your [1menvironment:[0m

  -> /home/jevinle/.cache/pypoetry/virtualenvs/funclg-
    AThUaF5z-py3.10/lib/python3.10/site-packages

  Using [1mnon-commercial database[0m
[1m  Found and scanned 69 packages[0m
  Timestamp [1m2023-12-29 12:01:25[0m
[1m  0[0m[1m vulnerabilities found[0m
[1m  0[0m[1m vulnerabilities ignored[0m
+==============================================================================+

 [32m[1mNo known security vulnerabilities found.[0m 

+==============================================================================+

[31m[22m  Safety is using PyUp's free open-source vulnerability database. This
data is 30 days old and limited. [0m
[31m  For real-time enhanced vulnerability data, fix recommendations, severity
reporting, cybersecurity support, team and project policy management and more
sign up at https://pyup.io or email sales@pyup.io[0m

+==============================================================================+[0m
