######TESTING REPORT######

Date: Sat Jun 17 11:02:27 PDT 2023 

---PYTEST---

============================= test session starts ==============================
platform linux -- Python 3.10.6, pytest-7.3.1, pluggy-1.0.0
rootdir: /mnt/c/Users/jevin/OneDrive/Documents/CODING/Dev
configfile: pyproject.toml
plugins: cov-3.0.0
collected 114 items

tests/test_character/test_abilities.py ..F...                            [  5%]
tests/test_character/test_armor.py ............FF.                       [ 18%]
tests/test_character/test_character.py ...F....                          [ 25%]
tests/test_character/test_equipment.py ..............                    [ 37%]
tests/test_character/test_modifiers.py .........                         [ 45%]
tests/test_character/test_roles.py .............                         [ 57%]
tests/test_character/test_stats.py ............                          [ 67%]
tests/test_main/test_main.py .                                           [ 68%]
tests/test_managers/test_abilities_manager.py .......                    [ 74%]
tests/test_managers/test_character_manager.py ....                       [ 78%]
tests/test_managers/test_equipment_manager.py .........                  [ 85%]
tests/test_managers/test_modifier_manager.py ...                         [ 88%]
tests/test_managers/test_roles_manager.py ..........                     [ 97%]
tests/test_utils/test_types.py ...                                       [100%]

=================================== FAILURES ===================================
____________________________ test_abilities_details ____________________________

abilities_all_types = [<funclg.character.abilities.Abilities object at 0x7fe2e2563a60>, <funclg.character.abilities.Abilities object at 0x7f...er.abilities.Abilities object at 0x7fe2e386dc30>, <funclg.character.abilities.Abilities object at 0x7fe2e386ebf0>, ...]
abilities_detail_expectation = ['\nAbility_0\n---------\nDescription: Magic ability\nAbility Type: Magic\nTarget: Enemy\n  Health: -50\n', '\n Abilit... '\n     Ability_5\n     ---------\n     Description: None ability\n     Ability Type: None\n     Target: None\n', ...]

    def test_abilities_details(abilities_all_types, abilities_detail_expectation):
        for index, ability in enumerate(abilities_all_types):
>           assert ability.details(index) == abilities_detail_expectation[index]
E           AssertionError: assert '\n Ability_1...Health: -50\n' == '\n Ability_1...Health: -50\n'
E             Skipping 85 identical leading characters in diff, use -v to show
E               : Enemy
E             -   Health: -50
E             +    Health: -50
E             ? +

tests/test_character/test_abilities.py:62: AssertionError
---------------------------- Captured stderr setup -----------------------------
2023-06-17 11:02:37.180 | DEBUG    | funclg.character.abilities:_validate_mods:62 - Mod Checks: health in ['health', 'defense'] True
2023-06-17 11:02:37.181 | DEBUG    | funclg.character.abilities:__init__:52 - Created Ability: Ability_0
2023-06-17 11:02:37.181 | DEBUG    | funclg.character.abilities:_validate_mods:62 - Mod Checks: health in ['health', 'defense'] True
2023-06-17 11:02:37.182 | DEBUG    | funclg.character.abilities:__init__:52 - Created Ability: Ability_1
2023-06-17 11:02:37.182 | DEBUG    | funclg.character.abilities:_validate_mods:62 - Mod Checks: health in ['health', 'defense', 'energy'] True
2023-06-17 11:02:37.182 | DEBUG    | funclg.character.abilities:__init__:52 - Created Ability: Ability_2
2023-06-17 11:02:37.183 | DEBUG    | funclg.character.abilities:_validate_mods:62 - Mod Checks: health in ['health', 'energy', 'attack', 'defense'] True
2023-06-17 11:02:37.183 | DEBUG    | funclg.character.abilities:__init__:52 - Created Ability: Ability_3
2023-06-17 11:02:37.183 | DEBUG    | funclg.character.abilities:_validate_mods:62 - Mod Checks: health in ['health', 'energy', 'attack', 'defense'] True
2023-06-17 11:02:37.184 | DEBUG    | funclg.character.abilities:__init__:52 - Created Ability: Ability_4
2023-06-17 11:02:37.184 | WARNING  | funclg.character.abilities:_validate_mods:71 - Using default modifier value.
2023-06-17 11:02:37.185 | DEBUG    | funclg.character.abilities:__init__:52 - Created Ability: Ability_5
2023-06-17 11:02:37.185 | WARNING  | funclg.character.abilities:_validate_mods:71 - Using default modifier value.
2023-06-17 11:02:37.185 | DEBUG    | funclg.character.abilities:__init__:52 - Created Ability: Ability_Error_NoMod
__________________________ test_armor_details_format ___________________________

light_armor_knife = <funclg.character.armor.Armor object at 0x7fe2e25351e0>
armor_details_expectations = ['\nLight Armor\n-----------\n  Head: \n  Head\n  ----\n  Type: [Light Head]\n  Description: Test Head\n\n  Modifier(s...\n\n\n       Stats\n       -----\n       Health: 210\n       Energy: 15.4\n       Attack: 11\n       Defense: 10', ...]

    def test_armor_details_format(light_armor_knife, armor_details_expectations):
        for indent, expectation in enumerate(armor_details_expectations):
>           assert light_armor_knife.details(indent) == expectation
E           AssertionError: assert '\nLight Armo...  Defense: 10' == '\nLight Armo...  Defense: 10'
E               
E               Light Armor
E               -----------
E                 Head: 
E             -   Head
E             +     Head
E             ? ++...
E             
E             ...Full output truncated (109 lines hidden), use '-vv' to show

tests/test_character/test_armor.py:194: AssertionError
---------------------------- Captured stderr setup -----------------------------
2023-06-17 11:02:39.217 | DEBUG    | funclg.character.equipment:__init__:54 - Created Equipment: Head
2023-06-17 11:02:39.217 | DEBUG    | funclg.character.equipment:__init__:54 - Created Equipment: Chest
2023-06-17 11:02:39.217 | DEBUG    | funclg.character.equipment:__init__:54 - Created Equipment: Back
2023-06-17 11:02:39.217 | DEBUG    | funclg.character.equipment:__init__:54 - Created Equipment: Pants
2023-06-17 11:02:39.218 | DEBUG    | funclg.character.equipment:__init__:54 - Created Equipment: Weapon: Knife
2023-06-17 11:02:39.218 | DEBUG    | funclg.character.equipment:__init__:54 - Created Equipment: Head
2023-06-17 11:02:39.218 | DEBUG    | funclg.character.equipment:__init__:54 - Created Equipment: Chest
2023-06-17 11:02:39.218 | DEBUG    | funclg.character.equipment:__init__:54 - Created Equipment: Back
2023-06-17 11:02:39.219 | DEBUG    | funclg.character.equipment:__init__:54 - Created Equipment: Pants
2023-06-17 11:02:39.219 | DEBUG    | funclg.character.equipment:__init__:54 - Created Equipment: Weapon: Knife
_______________________ test_armor_details_missing_item ________________________

light_armor_knife = <funclg.character.armor.Armor object at 0x7fe2e25345e0>
armor_details_missing_weapon = '\nLight Armor\n-----------\n  Head: \n  Head\n  ----\n  Type: [Light Head]\n  Description: Test Head\n\n  Modifier(s)...\n    Energy: +10.0%\n\n  Weapon: None\n\n  Stats\n  -----\n  Health: 210\n  Energy: 14.0\n  Attack: 10\n  Defense: 10'

    def test_armor_details_missing_item(light_armor_knife, armor_details_missing_weapon):
        light_armor_knife.dequip("weapon")
>       assert light_armor_knife.details() == armor_details_missing_weapon
E       AssertionError: assert '\nLight Armo...  Defense: 10' == '\nLight Armo...  Defense: 10'
E           
E           Light Armor
E           -----------
E             Head: 
E         -   Head
E         +     Head
E         ? ++...
E         
E         ...Full output truncated (100 lines hidden), use '-vv' to show

tests/test_character/test_armor.py:199: AssertionError
---------------------------- Captured stderr setup -----------------------------
2023-06-17 11:02:39.352 | DEBUG    | funclg.character.equipment:__init__:54 - Created Equipment: Head
2023-06-17 11:02:39.353 | DEBUG    | funclg.character.equipment:__init__:54 - Created Equipment: Chest
2023-06-17 11:02:39.354 | DEBUG    | funclg.character.equipment:__init__:54 - Created Equipment: Back
2023-06-17 11:02:39.354 | DEBUG    | funclg.character.equipment:__init__:54 - Created Equipment: Pants
2023-06-17 11:02:39.354 | DEBUG    | funclg.character.equipment:__init__:54 - Created Equipment: Weapon: Knife
2023-06-17 11:02:39.355 | DEBUG    | funclg.character.equipment:__init__:54 - Created Equipment: Head
2023-06-17 11:02:39.355 | DEBUG    | funclg.character.equipment:__init__:54 - Created Equipment: Chest
2023-06-17 11:02:39.356 | DEBUG    | funclg.character.equipment:__init__:54 - Created Equipment: Back
2023-06-17 11:02:39.356 | DEBUG    | funclg.character.equipment:__init__:54 - Created Equipment: Pants
2023-06-17 11:02:39.356 | DEBUG    | funclg.character.equipment:__init__:54 - Created Equipment: Weapon: Knife
----------------------------- Captured stderr call -----------------------------
2023-06-17 11:02:39.360 | INFO     | funclg.character.armor:dequip:145 - Dequipped Weapon: Knife from Weapon
____________________________ test_character_details ____________________________

basic_char = <funclg.character.character.Character object at 0x7fe2e27cfe80>
character_details_expectation = 'Test_Char\n---------\n\n  Class: Test_Role\n  ----------------\n  Armor Type: Light\n  Description: Test role\n  Role...Pants: None\n    Weapon: None\n\n    Stats\n    -----\n    Health: 10\n    Energy: 10\n    Attack: 10\n    Defense: 10'

    def test_character_details(basic_char, character_details_expectation):
>       assert basic_char.details() == character_details_expectation
E       AssertionError: assert 'Test_Char\n-...Defense: 10\n' == 'Test_Char\n-...  Defense: 10'
E         Skipping 317 identical leading characters in diff, use -v to show
E         - Defense: 10
E         + Defense: 10
E         ?            +

tests/test_character/test_character.py:123: AssertionError
---------------------------- Captured stderr setup -----------------------------
2023-06-17 11:02:39.664 | DEBUG    | funclg.character.roles:__init__:50 - Created Role: Test_Role

---------- coverage: platform linux, python 3.10.6-final-0 -----------
Name                                   Stmts   Miss Branch BrPart  Cover   Missing
----------------------------------------------------------------------------------
funclg/__init__.py                         0      0      0      0   100%
funclg/__main__.py                        35     19      4      1    44%   38-40, 53-64, 68-75, 79
funclg/character/__init__.py               0      0      0      0   100%
funclg/character/abilities.py             66      0     20      0   100%
funclg/character/armor.py                120      0     30      0   100%
funclg/character/character.py             57      0     12      0   100%
funclg/character/equipment.py             83      0     10      0   100%
funclg/character/modifiers.py             64      0     30      0   100%
funclg/character/roles.py                 73      0     26      0   100%
funclg/character/stats.py                 62      0     28      0   100%
funclg/managers/__init__.py               15      2      4      0    79%   29-30
funclg/managers/abilities_manager.py      66      0     22      1    99%   27->26
funclg/managers/character_manager.py     115     53     50      3    49%   59->58, 62->65, 65->68, 85-108, 115-167, 187-198
funclg/managers/equipment_manager.py      89      1     30      2    97%   29->27, 90
funclg/managers/modifier_manager.py       66      0     26      0   100%
funclg/managers/roles_manager.py         121      0     50      2    99%   29->28, 112->126
funclg/utils/__init__.py                   0      0      0      0   100%
funclg/utils/data_mgmt.py                 48     13     16      1    69%   41->55, 45-54, 65-68
funclg/utils/input_validation.py          43     30     16      0    29%   15-25, 32-33, 40, 48-50, 65-71, 76-86
funclg/utils/menu_funcs.py                36     16     14      0    48%   29-52
funclg/utils/types.py                     17      0      6      1    96%   60->63
----------------------------------------------------------------------------------
TOTAL                                   1176    134    394     11    87%

FAIL Required test coverage of 95.0% not reached. Total coverage: 86.94%
================== 4 failed, 110 passed, 2 warnings in 19.16s ==================

---Code Quality Report---


-----ISORT-----


-----BLACK-----

reformatted funclg/character/character.py

All done! ✨ 🍰 ✨
1 file reformatted, 20 files left unchanged.

-----BANDIT-----


-----XENON-----


-----PYLINT-----

************* Module funclg.__main__
funclg/__main__.py:46:34: W0511: TODO: add play instance (fixme)
************* Module funclg.character.abilities
funclg/character/abilities.py:21:1: W0511: TODO: add energy cost attribute (fixme)
************* Module funclg.character.character
funclg/character/character.py:33:1: W0511: TODO: Char Update - 1: Update character so that it is generalized (fixme)
funclg/character/character.py:34:1: W0511: TODO: Char Update - 2: Create a class called playable character for the user (fixme)
funclg/character/character.py:35:1: W0511: TODO: Char Update - 3: Create the NPC class that can be used later for random generation (fixme)
funclg/character/character.py:43:5: W0511: TODO: Update initialization process so that the role decides the armor type for the character and then all armor and equips will validate for the role (fixme)
************* Module funclg.character.equipment
funclg/character/equipment.py:23:1: W0511: TODO: Change equipment display methods (fixme)
funclg/character/equipment.py:151:5: W0511: TODO: Change equipment display methods (fixme)
funclg/character/equipment.py:176:5: W0511: TODO: Override details to include the weapon type (fixme)
funclg/character/equipment.py:215:5: W0511: TODO: Change equipment display methods (fixme)
************* Module funclg.character.modifiers
funclg/character/modifiers.py:66:9: W0511: TODO: Add check for percentage and add, and compare against the MOD_ADD_RANGE and MOD_MULT_RANGE (fixme)
************* Module funclg.character.roles
funclg/character/roles.py:136:5: W0511: def show_powers(): #TODO Define me (fixme)
************* Module funclg.character.stats
funclg/character/stats.py:114:1: W0511: TODO: Create a role stat class (fixme)
funclg/character/stats.py:122:1: W0511: TODO: Build Character stats (fixme)
funclg/character/stats.py:115:0: W0105: String statement has no effect (pointless-string-statement)
funclg/character/stats.py:123:0: W0105: String statement has no effect (pointless-string-statement)
************* Module funclg.managers.abilities_manager
funclg/managers/abilities_manager.py:38:1: W0511: TODO: need to add a condition to not return so that there is not lose data (fixme)
funclg/managers/abilities_manager.py:39:1: W0511: TODO: Need to update so that if a new role is created and the user wants to create a new ability the selected ability types can be passed in only used (fixme)
funclg/managers/abilities_manager.py:43:5: W0511: TODO: Add description print out (fixme)
funclg/managers/abilities_manager.py:53:5: W0511: TODO: Need to be able to chose the mod for the ability they want (fixme)
************* Module funclg.managers.equipment_manager
funclg/managers/equipment_manager.py:24:5: W0511: TODO: On edit, needs to update all values (fixme)
************* Module funclg.managers.modifier_manager
funclg/managers/modifier_manager.py:49:1: W0511: TODO: Create/modify the build to allow for random creation (fixme)
funclg/managers/modifier_manager.py:51:1: W0511: TODO Convert method to be able to handle multiple types of modifier generations. May require creating sub methods for the different types, weapon, armor, and abilities (fixme)
funclg/managers/modifier_manager.py:80:1: W0511: TODO: Change function to be allow the user to define each attribute of the MOD type, for each type decide if wanted or not, if so which type (percetage or base) (positive or nega), return values. (fixme)
funclg/managers/modifier_manager.py:81:0: R1710: Either all return statements in a function should return an expression, or none of them should. (inconsistent-return-statements)
************* Module funclg.managers.roles_manager
funclg/managers/roles_manager.py:26:5: W0511: TODO: On edit, needs to update all values (fixme)
funclg/managers/roles_manager.py:56:9: W0511: TODO: Add description print out (fixme)
funclg/managers/roles_manager.py:72:1: W0511: TODO add an option for adding no roles (fixme)
funclg/managers/roles_manager.py:125:5: W0511: TODO: Future: consider option to create a new one (fixme)
************* Module funclg.utils.data_mgmt
funclg/utils/data_mgmt.py:37:1: W0511: TODO may need to move assertion error to validate method (fixme)
funclg/utils/data_mgmt.py:50:9: W0511: TODO may want to re-validate name before creating (fixme)
************* Module funclg.utils.input_validation
funclg/utils/input_validation.py:47:5: W0511: TODO: Decide if the capitalize needs to stay here or not (fixme)
************* Module funclg.utils.types
funclg/utils/types.py:7:1: W0511: TODO: Consider changing IT, AT and WT to enums (fixme)
funclg/utils/types.py:18:1: W0511: TODO Add descriptions (fixme)
funclg/utils/types.py:38:9: W0511: TODO: Change to 'Basic' types or something that is not none (fixme)

-----------------------------------
Your code has been rated at 9.70/10

