######TESTING REPORT######

Date: Sun Nov 26 20:46:23 PST 2023 

---PYTEST---

============================= test session starts ==============================
platform linux -- Python 3.10.12, pytest-7.4.3, pluggy-1.3.0
rootdir: /home/jevinle/Dev/FUNCLG
plugins: cov-3.0.0
collected 135 items

tests/test_character/test_abilities.py ......                            [  4%]
tests/test_character/test_armor.py ................                      [ 16%]
tests/test_character/test_character.py ........                          [ 22%]
tests/test_character/test_equipment.py .............                     [ 31%]
tests/test_character/test_modifiers.py ..........                        [ 39%]
tests/test_character/test_roles.py .............                         [ 48%]
tests/test_character/test_stats.py ..................                    [ 62%]
tests/test_game/test_game_levels.py .......                              [ 67%]
tests/test_main/test_main.py .                                           [ 68%]
tests/test_managers/test_abilities_manager.py .......                    [ 73%]
tests/test_managers/test_character_manager.py .........                  [ 80%]
tests/test_managers/test_equipment_manager.py .........                  [ 86%]
tests/test_managers/test_roles_manager.py ............                   [ 95%]
tests/test_managers/test_stats_manager.py ...                            [ 97%]
tests/test_utils/test_types.py ...                                       [100%]

---------- coverage: platform linux, python 3.10.12-final-0 ----------
Name                                   Stmts   Miss Branch BrPart  Cover   Missing
----------------------------------------------------------------------------------
funclg/__init__.py                         1      0      0      0   100%
funclg/__main__.py                        41     24      6      1    38%   39-43, 56-68, 72-79, 83-85
funclg/character/__init__.py               0      0      0      0   100%
funclg/character/abilities.py             65      0     18      0   100%
funclg/character/armor.py                143      0     46      5    97%   193->195, 195->197, 197->199, 199->201, 201->exit
funclg/character/character.py             86      4     14      0    94%   148-149, 164-167
funclg/character/equipment.py             92      0      8      0   100%
funclg/character/modifiers.py             71      0     38      1    99%   115->118
funclg/character/roles.py                 93      7     32      0    91%   67, 140, 156-160
funclg/character/stats.py                114     12     48      1    86%   49-57, 60-63, 83
funclg/game/__init__.py                   11      4      0      0    64%   22, 33, 37, 46
funclg/game/combat.py                      0      0      0      0   100%
funclg/game/game.py                       10      4      0      0    60%   40, 45, 49, 55
funclg/game/level.py                     101      0     42      2    99%   128->exit, 195->198
funclg/game/rewards.py                     0      0      0      0   100%
funclg/managers/__init__.py               18      4      6      0    67%   29-30, 34-35
funclg/managers/abilities_manager.py      69      1     24      1    98%   126
funclg/managers/character_manager.py     121      3     54      4    96%   29-30, 71->70, 74->77, 77->80, 230
funclg/managers/equipment_manager.py      90      4     32      3    94%   23-24, 31->30, 99, 182
funclg/managers/game_manager.py           27      9      8      1    60%   38-50, 54
funclg/managers/level_manager.py           0      0      0      0   100%
funclg/managers/roles_manager.py         122      3     52      3    97%   24-25, 31->30, 118->131, 225
funclg/managers/stats_manager.py          84     16     34      0    80%   126-154
funclg/utils/__init__.py                   0      0      0      0   100%
funclg/utils/data_mgmt.py                 51     15     16      1    67%   36-37, 43->56, 47-55, 66-69
funclg/utils/game_enums.py                32      4      2      0    88%   58-72
funclg/utils/input_validation.py          40     28     16      0    21%   18-28, 35-36, 43, 72-85, 97, 106-111, 127-135
funclg/utils/menu_funcs.py                36     16     14      0    48%   29-52
funclg/utils/types.py                     18      0      6      1    96%   54->57
----------------------------------------------------------------------------------
TOTAL                                   1536    158    516     24    88%

FAIL Required test coverage of 95.0% not reached. Total coverage: 87.82%

======================= 135 passed, 2 warnings in 1.22s ========================

---Code Quality Report---


-----BANDIT-----


-----PYLINT-----

************* Module funclg.character.stats
funclg/character/stats.py:170:5: W0511: TODO: 2023.10.18 - Needs to return a new Stats object and should be loaded as a Stats item in equipment similar to other Characer module copies. (fixme)

------------------------------------------------------------------
Your code has been rated at 9.99/10 (previous run: 9.99/10, +0.01)

+==============================================================================+

                               /$$$$$$            /$$
                              /$$__  $$          | $$
           /$$$$$$$  /$$$$$$ | $$  \__//$$$$$$  /$$$$$$   /$$   /$$
          /$$_____/ |____  $$| $$$$   /$$__  $$|_  $$_/  | $$  | $$
         |  $$$$$$   /$$$$$$$| $$_/  | $$$$$$$$  | $$    | $$  | $$
          \____  $$ /$$__  $$| $$    | $$_____/  | $$ /$$| $$  | $$
          /$$$$$$$/|  $$$$$$$| $$    |  $$$$$$$  |  $$$$/|  $$$$$$$
         |_______/  \_______/|__/     \_______/   \___/   \____  $$
                                                          /$$  | $$
                                                         |  $$$$$$/
  by pyup.io                                              \______/

+==============================================================================+

 [1mREPORT[0m 

[31m[22m  Safety is using PyUp's free open-source vulnerability database. This
data is 30 days old and limited. [0m
[31m  For real-time enhanced vulnerability data, fix recommendations, severity
reporting, cybersecurity support, team and project policy management and more
sign up at https://pyup.io or email sales@pyup.io[0m

  Safety [1mv2.3.5[0m is scanning for [1mVulnerabilities[0m[1m...[0m
[1m  Scanning dependencies[0m in your [1menvironment:[0m

  -> /home/jevinle/.cache/pypoetry/virtualenvs/funclg-
    AThUaF5z-py3.10/lib/python3.10/site-packages

  Using [1mnon-commercial database[0m
[1m  Found and scanned 69 packages[0m
  Timestamp [1m2023-11-26 20:46:36[0m
[1m  0[0m[1m vulnerabilities found[0m
[1m  0[0m[1m vulnerabilities ignored[0m
+==============================================================================+

 [32m[1mNo known security vulnerabilities found.[0m 

+==============================================================================+

[31m[22m  Safety is using PyUp's free open-source vulnerability database. This
data is 30 days old and limited. [0m
[31m  For real-time enhanced vulnerability data, fix recommendations, severity
reporting, cybersecurity support, team and project policy management and more
sign up at https://pyup.io or email sales@pyup.io[0m

+==============================================================================+[0m
