######TESTING REPORT######

Date: Sun Oct 22 11:56:30 PDT 2023 

---PYTEST---

============================= test session starts ==============================
platform linux -- Python 3.10.12, pytest-7.4.2, pluggy-1.3.0
rootdir: /home/jevinle/Dev/FUNCLG
plugins: cov-3.0.0
collected 136 items

tests/test_character/test_abilities.py .......                           [  5%]
tests/test_character/test_armor.py ................                      [ 16%]
tests/test_character/test_character.py .......                           [ 22%]
tests/test_character/test_equipment.py ..............                    [ 32%]
tests/test_character/test_modifiers.py ..........                        [ 39%]
tests/test_character/test_roles.py .............                         [ 49%]
tests/test_character/test_stats.py ..................                    [ 62%]
tests/test_game/test_game_levels.py .......                              [ 67%]
tests/test_main/test_main.py .                                           [ 68%]
tests/test_managers/test_abilities_manager.py .......                    [ 73%]
tests/test_managers/test_character_manager.py .........                  [ 80%]
tests/test_managers/test_equipment_manager.py .........                  [ 86%]
tests/test_managers/test_roles_manager.py ............                   [ 95%]
tests/test_managers/test_stats_manager.py ...                            [ 97%]
tests/test_utils/test_types.py ...                                       [100%]

---------- coverage: platform linux, python 3.10.12-final-0 ----------
Name                                   Stmts   Miss Branch BrPart  Cover   Missing
----------------------------------------------------------------------------------
funclg/__init__.py                         1      0      0      0   100%
funclg/__main__.py                        41     24      6      1    38%   39-43, 57-69, 73-80, 84-86
funclg/character/__init__.py               0      0      0      0   100%
funclg/character/abilities.py             70      0     20      0   100%
funclg/character/armor.py                136      0     46      5    97%   187->189, 189->191, 191->193, 193->195, 195->exit
funclg/character/character.py             70      8     12      0    88%   118-122, 125-126, 130-131, 148-151
funclg/character/equipment.py             95      0     10      0   100%
funclg/character/modifiers.py             71      0     38      1    99%   116->119
funclg/character/roles.py                 91      7     32      0    91%   67, 140, 156-160
funclg/character/stats.py                 98      1     38      1    99%   59
funclg/game/__init__.py                   11      4      0      0    64%   22, 33, 37, 46
funclg/game/combat.py                      0      0      0      0   100%
funclg/game/game.py                       10      4      0      0    60%   35, 40, 44, 50
funclg/game/level.py                     101      0     42      2    99%   128->exit, 195->198
funclg/game/rewards.py                     0      0      0      0   100%
funclg/managers/__init__.py               18      4      6      0    67%   31-32, 36-37
funclg/managers/abilities_manager.py      69      1     24      1    98%   128
funclg/managers/character_manager.py     120      3     54      4    96%   27-28, 69->68, 72->75, 75->78, 230
funclg/managers/equipment_manager.py      89      4     32      3    94%   23-24, 31->30, 98, 181
funclg/managers/game_manager.py           27      9      8      1    60%   38-50, 54
funclg/managers/level_manager.py           0      0      0      0   100%
funclg/managers/roles_manager.py         123      3     52      3    97%   26-27, 33->32, 120->133, 227
funclg/managers/stats_manager.py          84     16     34      0    80%   122-148
funclg/utils/__init__.py                   0      0      0      0   100%
funclg/utils/data_mgmt.py                 51     15     16      1    67%   36-37, 43->56, 47-55, 66-69
funclg/utils/game_enums.py                32      4      2      0    88%   58-72
funclg/utils/input_validation.py          40     28     16      0    21%   19-29, 36-37, 44, 73-86, 98, 107-112, 128-136
funclg/utils/menu_funcs.py                36     16     14      0    48%   29-52
funclg/utils/types.py                     17      0      6      1    96%   53->56
----------------------------------------------------------------------------------
TOTAL                                   1501    151    508     24    88%

FAIL Required test coverage of 95.0% not reached. Total coverage: 88.40%

======================= 136 passed, 2 warnings in 1.52s ========================

---Code Quality Report---


-----BANDIT-----


-----PYLINT-----

************* Module funclg.__main__
funclg/__main__.py:49:39: W0511: TODO: add play instance (fixme)
funclg/__main__.py:55:1: W0511: TODO: Consider initializing the database calls to load and add the textual/rich progress loaders (fixme)
************* Module funclg.character.character
funclg/character/character.py:99:5: W0511: TODO: def use_ability(self): (fixme)
funclg/character/character.py:100:5: W0511: TODO: def level_up(self): (fixme)
funclg/character/character.py:133:5: W0511: TODO Test if inventory is in player export or if a custom version is neeede (fixme)
************* Module funclg.character.abilities
funclg/character/abilities.py:122:5: W0511: TODO def use() (fixme)
************* Module funclg.character.modifiers
funclg/character/modifiers.py:66:9: W0511: TODO: Add check for percentage and add, and compare against the MOD_ADD_RANGE and MOD_MULT_RANGE (fixme)
************* Module funclg.character.stats
funclg/character/stats.py:13:1: W0511: TODO: 2023.10.10 - Decide if stats and modifiers should round to whole numbers (fixme)
funclg/character/stats.py:24:5: W0511: TODO: 2023.10.15 - define a base stat max (fixme)
funclg/character/stats.py:36:9: W0511: TODO: 2023.10.17 - Create copies of each mod (fixme)
funclg/character/stats.py:126:5: W0511: TODO: 2023.10.10 - Test if the removal of a mod deletes the original object (fixme)
funclg/character/stats.py:149:5: W0511: TODO: 2023.10.18 - Needs to return a new Stats object and should be loaded as a Stats item in equipment similar to other Characer module copies. (fixme)
************* Module funclg.utils.input_validation
funclg/utils/input_validation.py:14:1: W0511: TODO: 20230822 - This is still used in the menu interface and can possibly be removed (fixme)
************* Module funclg.managers.roles_manager
funclg/managers/roles_manager.py:60:9: W0511: TODO: Add description print out (fixme)
************* Module funclg.managers.stats_manager
funclg/managers/stats_manager.py:46:1: W0511: TODO: Create/modify the build to allow for random creation (fixme)
funclg/managers/stats_manager.py:48:1: W0511: TODO Convert method to be able to handle multiple types of modifier generations. May require creating sub methods for the different types, weapon, armor, and abilities (fixme)
funclg/managers/stats_manager.py:77:1: W0511: TODO: 20221112 - Change function to be allow the user to define each attribute of the MOD type, for each type decide if wanted or not, if so which type (percetage or base) (positive or nega), return values. (fixme)
************* Module funclg.managers.abilities_manager
funclg/managers/abilities_manager.py:45:5: W0511: TODO: Add description print out (fixme)
funclg/managers/abilities_manager.py:55:5: W0511: TODO: Need to be able to chose the mod for the ability they want (fixme)
************* Module funclg.managers.character_manager
funclg/managers/character_manager.py:97:5: W0511: TODO: 2023.06.17 - Add the option to skip (fixme)
funclg/managers/character_manager.py:119:5: W0511: TODO: 2023.06.17 - Confirm at the end, can ask to restart or move forward (fixme)
************* Module funclg.managers.__init__
funclg/managers/__init__.py:5:1: W0511: TODO: 20231008 - Separate menus into smaller modules (game managers, character managers) (fixme)

------------------------------------------------------------------
Your code has been rated at 9.85/10 (previous run: 9.78/10, +0.08)

