######TESTING REPORT######

Date: Tue Aug 22 14:02:19 PDT 2023 

---PYTEST---

============================= test session starts ==============================
platform linux -- Python 3.10.12, pytest-7.4.0, pluggy-1.2.0
rootdir: /home/jevinle/Dev/FUNCLG
plugins: cov-3.0.0
collected 119 items

tests/test_character/test_abilities.py ......                            [  5%]
tests/test_character/test_armor.py ...............                       [ 17%]
tests/test_character/test_character.py ......F.                          [ 24%]
tests/test_character/test_equipment.py ..............                    [ 36%]
tests/test_character/test_modifiers.py .........                         [ 43%]
tests/test_character/test_roles.py .............                         [ 54%]
tests/test_character/test_stats.py ............                          [ 64%]
tests/test_main/test_main.py .                                           [ 65%]
tests/test_managers/test_abilities_manager.py .......                    [ 71%]
tests/test_managers/test_character_manager.py .........                  [ 78%]
tests/test_managers/test_equipment_manager.py .........                  [ 86%]
tests/test_managers/test_modifier_manager.py ...                         [ 89%]
tests/test_managers/test_roles_manager.py ..........                     [ 97%]
tests/test_utils/test_types.py ...                                       [100%]

=================================== FAILURES ===================================
________________________ test_character_show_inventory _________________________

m_print = <MagicMock name='print' id='139955953337680'>
basic_char = <funclg.character.character.Character object at 0x7f4a08e20730>
character_inventory_show_expectation = ['\nInventory:item_1  - item_2  - item_3', ['item_1', 'item_2', 'item_3']]

>   ???
E   AttributeError: 'Character' object has no attribute 'show_inventory'

/mnt/c/Users/jevin/OneDrive/Documents/CODING/Dev/FUNCLG/tests/test_character/test_character.py:157: AttributeError
---------------------------- Captured stderr setup -----------------------------
2023-08-22 14:02:21.137 | DEBUG    | funclg.character.roles:__init__:50 - Created Role: Test_Role

---------- coverage: platform linux, python 3.10.12-final-0 ----------
Name                                   Stmts   Miss Branch BrPart  Cover   Missing
----------------------------------------------------------------------------------
funclg/__init__.py                         0      0      0      0   100%
funclg/__main__.py                        35     19      4      1    44%   38-40, 54-65, 69-76, 80
funclg/character/__init__.py               0      0      0      0   100%
funclg/character/abilities.py             66      0     20      0   100%
funclg/character/armor.py                122      0     34      0   100%
funclg/character/character.py             62      4     12      0    95%   143-145, 148-149
funclg/character/equipment.py             83      0     10      0   100%
funclg/character/modifiers.py             64      0     30      0   100%
funclg/character/roles.py                 73      0     26      0   100%
funclg/character/stats.py                 62      0     28      0   100%
funclg/game/__init__.py                   11     11      0      0     0%   5-46
funclg/game/combat.py                      0      0      0      0   100%
funclg/game/game.py                        8      8      0      0     0%   20-40
funclg/game/level.py                      36     36      6      0     0%   9-119
funclg/game/rewards.py                     0      0      0      0   100%
funclg/managers/__init__.py               15      2      4      0    79%   29-30
funclg/managers/abilities_manager.py      66      0     22      1    99%   27->26
funclg/managers/character_manager.py     119      0     52      3    98%   65->64, 68->71, 71->74
funclg/managers/equipment_manager.py      92      1     30      2    98%   28->27, 91
funclg/managers/modifier_manager.py       66      0     26      0   100%
funclg/managers/roles_manager.py         121      0     50      2    99%   29->28, 112->126
funclg/utils/__init__.py                   0      0      0      0   100%
funclg/utils/data_mgmt.py                 48     13     16      1    69%   41->55, 45-54, 65-68
funclg/utils/input_validation.py          42     25     16      0    36%   18-28, 35-36, 43, 51-53, 68, 73-78, 94-102
funclg/utils/menu_funcs.py                36     16     14      0    48%   29-52
funclg/utils/types.py                     17      0      6      1    96%   60->63
----------------------------------------------------------------------------------
TOTAL                                   1244    135    406     11    89%

FAIL Required test coverage of 95.0% not reached. Total coverage: 88.85%
=========================== short test summary info ============================
FAILED tests/test_character/test_character.py::test_character_show_inventory
================== 1 failed, 118 passed, 2 warnings in 2.13s ===================

---Code Quality Report---


-----BANDIT-----


-----PYLINT-----

************* Module funclg.__main__
funclg/__main__.py:46:39: W0511: TODO: add play instance (fixme)
funclg/__main__.py:52:1: W0511: TODO: Consider initializing the database calls to load and add the textual/rich progress loaders (fixme)
************* Module funclg.character.character
funclg/character/character.py:32:1: W0511: TODO: Make Char update in a new branch - 6.17.2023 (fixme)
funclg/character/character.py:33:1: W0511: TODO: Char Update - 1: Update character so that it is generalized (fixme)
funclg/character/character.py:34:1: W0511: TODO: Char Update - 2: Create a class called playable character for the user (fixme)
funclg/character/character.py:35:1: W0511: TODO: Char Update - 3: Create the NPC class that can be used later for random generation (fixme)
funclg/character/character.py:46:5: W0511: TODO: Update initialization process so that the role decides the armor type for the character and then all armor and equips will validate for the role (fixme)
************* Module funclg.character.abilities
funclg/character/abilities.py:21:1: W0511: TODO: add energy cost attribute (fixme)
funclg/character/abilities.py:118:5: W0511: TODO def use() (fixme)
************* Module funclg.character.equipment
funclg/character/equipment.py:23:1: W0511: TODO: Change equipment display methods (fixme)
funclg/character/equipment.py:151:5: W0511: TODO: Change equipment display methods (fixme)
funclg/character/equipment.py:176:5: W0511: TODO: Override details to include the weapon type (fixme)
funclg/character/equipment.py:215:5: W0511: TODO: Change equipment display methods (fixme)
************* Module funclg.character.roles
funclg/character/roles.py:136:5: W0511: def show_powers(): #TODO Define me (fixme)
************* Module funclg.character.modifiers
funclg/character/modifiers.py:66:9: W0511: TODO: Add check for percentage and add, and compare against the MOD_ADD_RANGE and MOD_MULT_RANGE (fixme)
************* Module funclg.character.armor
funclg/character/armor.py:34:9: W0511: TODO: 20240629 - Change to stats instead of stat (fixme)
funclg/character/armor.py:38:9: W0511: TODO: 20230617 - Change to setter/getters to protect equipment from being directly modified (fixme)
funclg/character/armor.py:166:26: E1101: Instance of 'str' has no 'details' member (no-member)
************* Module funclg.character.stats
funclg/character/stats.py:114:1: W0511: TODO: Create a role stat class (fixme)
funclg/character/stats.py:122:1: W0511: TODO: Build Character stats (fixme)
funclg/character/stats.py:115:0: W0105: String statement has no effect (pointless-string-statement)
funclg/character/stats.py:123:0: W0105: String statement has no effect (pointless-string-statement)
************* Module funclg.utils.data_mgmt
funclg/utils/data_mgmt.py:37:1: W0511: TODO may need to move assertion error to validate method (fixme)
funclg/utils/data_mgmt.py:50:9: W0511: TODO may want to re-validate name before creating (fixme)
************* Module funclg.utils.input_validation
funclg/utils/input_validation.py:50:5: W0511: TODO: Decide if the capitalize needs to stay here or not (fixme)
funclg/utils/input_validation.py:71:0: C0115: Missing class docstring (missing-class-docstring)
************* Module funclg.utils.types
funclg/utils/types.py:7:1: W0511: TODO: Consider changing IT, AT and WT to enums (fixme)
funclg/utils/types.py:18:1: W0511: TODO Add descriptions (fixme)
funclg/utils/types.py:38:9: W0511: TODO: Change to 'Basic' types or something that is not none (fixme)
************* Module funclg.game.level
funclg/game/level.py:22:1: W0511: TODO: Create a level manager (fixme)
funclg/game/level.py:49:12: W0511: TODO: Consider if this should be private and only callable (fixme)
funclg/game/level.py:62:5: W0511: TODO: Consider doing a precheck to make sure the running system can print the boundary characters, if not then use alternatives (fixme)
funclg/game/level.py:77:12: W0511: TODO: Decide whether to do a proper floor calculation or not (fixme)
funclg/game/level.py:85:9: W0511: TODO: I want to be able to make a decision if a block should be reward, enemy etc. (fixme)
funclg/game/level.py:122:1: W0511: TODO REMOVE ME (fixme)
funclg/game/level.py:9:0: W0105: String statement has no effect (pointless-string-statement)
funclg/game/level.py:25:0: C0115: Missing class docstring (missing-class-docstring)
************* Module funclg.game.game
funclg/game/game.py:20:0: C0115: Missing class docstring (missing-class-docstring)
funclg/game/game.py:23:4: E0211: Method '__init__' has no argument (no-method-argument)
************* Module funclg.managers.roles_manager
funclg/managers/roles_manager.py:26:5: W0511: TODO: On edit, needs to update all values (fixme)
funclg/managers/roles_manager.py:56:9: W0511: TODO: Add description print out (fixme)
funclg/managers/roles_manager.py:72:1: W0511: TODO add an option for adding no roles (fixme)
funclg/managers/roles_manager.py:125:5: W0511: TODO: Future: consider option to create a new one (fixme)
************* Module funclg.managers.abilities_manager
funclg/managers/abilities_manager.py:38:1: W0511: TODO: need to add a condition to not return so that there is not lose data (fixme)
funclg/managers/abilities_manager.py:39:1: W0511: TODO: Need to update so that if a new role is created and the user wants to create a new ability the selected ability types can be passed in only used (fixme)
funclg/managers/abilities_manager.py:43:5: W0511: TODO: Add description print out (fixme)
funclg/managers/abilities_manager.py:53:5: W0511: TODO: Need to be able to chose the mod for the ability they want (fixme)
************* Module funclg.managers.modifier_manager
funclg/managers/modifier_manager.py:49:1: W0511: TODO: Create/modify the build to allow for random creation (fixme)
funclg/managers/modifier_manager.py:51:1: W0511: TODO Convert method to be able to handle multiple types of modifier generations. May require creating sub methods for the different types, weapon, armor, and abilities (fixme)
funclg/managers/modifier_manager.py:80:1: W0511: TODO: Change function to be allow the user to define each attribute of the MOD type, for each type decide if wanted or not, if so which type (percetage or base) (positive or nega), return values. (fixme)
funclg/managers/modifier_manager.py:81:0: R1710: Either all return statements in a function should return an expression, or none of them should. (inconsistent-return-statements)
************* Module funclg.managers.character_manager
funclg/managers/character_manager.py:93:5: W0511: TODO: 2023.06.17 - Add the option to skip (fixme)
funclg/managers/character_manager.py:115:5: W0511: TODO: 2023.06.17 - Confirm at the end, can ask to restart or move forward (fixme)

------------------------------------------------------------------
Your code has been rated at 9.51/10 (previous run: 9.44/10, +0.07)

