######TESTING REPORT######

Date: Mon Jun 13 23:03:48 PDT 2022 

---PYTEST---

============================= test session starts ==============================
platform linux -- Python 3.8.10, pytest-7.1.1, pluggy-1.0.0
rootdir: /mnt/c/Users/jevin/OneDrive/Documents/CODING/Dev, configfile: pyproject.toml
plugins: cov-3.0.0
collected 67 items

tests/test_character/test_abilities.py .......                           [ 10%]
tests/test_character/test_armor.py .............                         [ 29%]
tests/test_character/test_equipment.py ...............                   [ 52%]
tests/test_character/test_modifiers.py ........                          [ 64%]
tests/test_character/test_roles.py ............                          [ 82%]
tests/test_character/test_stats.py ............                          [100%]

---------- coverage: platform linux, python 3.8.10-final-0 -----------
Name                                   Stmts   Miss  Cover   Missing
--------------------------------------------------------------------
funclg/__init__.py                         0      0   100%
funclg/__main__.py                         4      4     0%   26-38
funclg/character/__init__.py               2      0   100%
funclg/character/abilities.py             30      0   100%
funclg/character/armor.py                116      0   100%
funclg/character/character.py             36     36     0%   7-89
funclg/character/equipment.py             72      0   100%
funclg/character/modifiers.py             64      0   100%
funclg/character/roles.py                 64      0   100%
funclg/character/stats.py                 61      0   100%
funclg/managers/__init__.py               14     14     0%   5-21
funclg/managers/abilities_manager.py       8      8     0%   1-16
funclg/managers/character_manager.py       8      8     0%   1-16
funclg/managers/equipment_manager.py      33     33     0%   1-58
funclg/managers/modifier_manager.py       16     16     0%   7-36
funclg/managers/roles_manager.py           8      8     0%   1-16
funclg/utils/__init__.py                   0      0   100%
funclg/utils/data_mgmt.py                 14     14     0%   1-19
funclg/utils/input_validation.py          13     13     0%   1-19
funclg/utils/menu_funcs.py                17     17     0%   1-32
funclg/utils/types.py                     23      0   100%
--------------------------------------------------------------------
TOTAL                                    603    171    72%

FAIL Required test coverage of 100.0% not reached. Total coverage: 71.64%

============================== 67 passed in 1.41s ==============================

---Code Quality Report---


-----ISORT-----

Fixing /mnt/c/Users/jevin/OneDrive/Documents/CODING/Dev/FUNCLG/funclg/managers/modifier_manager.py

-----BLACK-----

reformatted funclg/managers/__init__.py
reformatted funclg/managers/abilities_manager.py
reformatted funclg/managers/modifier_manager.py
reformatted funclg/utils/input_validation.py
reformatted funclg/utils/menu_funcs.py

All done! ✨ 🍰 ✨
5 files reformatted, 16 files left unchanged.

-----BANDIT-----


-----XENON-----


-----PYLINT-----

************* Module funclg.__main__
funclg/__main__.py:29:1: W0511: TODO: Consider building a menu class to easily operate returning (fixme)
funclg/__main__.py:27:0: W0401: Wildcard import funclg.utils.menu_funcs (wildcard-import)
funclg/__main__.py:27:0: W0614: Unused import(s) Any, Dict and choice_validation from wildcard import of funclg.utils.menu_funcs (unused-wildcard-import)
************* Module funclg.character.abilities
funclg/character/abilities.py:46:12: W0511: TODO: Will become stats, and a specific sub class that will be more focused for armor (fixme)
funclg/character/abilities.py:18:0: W0105: String statement has no effect (pointless-string-statement)
************* Module funclg.character.stats
funclg/character/stats.py:114:1: W0511: TODO: Create a role stat class (fixme)
funclg/character/stats.py:122:1: W0511: TODO: Build Character stats (fixme)
funclg/character/stats.py:115:0: W0105: String statement has no effect (pointless-string-statement)
funclg/character/stats.py:123:0: W0105: String statement has no effect (pointless-string-statement)
************* Module funclg.character
funclg/character/__init__.py:1:0: C0114: Missing module docstring (missing-module-docstring)
************* Module funclg.managers.abilities_manager
funclg/managers/abilities_manager.py:1:0: C0114: Missing module docstring (missing-module-docstring)
funclg/managers/abilities_manager.py:1:0: W0611: Unused Abilities imported from funclg.character.abilities (unused-import)
************* Module funclg.managers.character_manager
funclg/managers/character_manager.py:1:0: C0114: Missing module docstring (missing-module-docstring)
funclg/managers/character_manager.py:1:0: W0611: Unused Character imported from funclg.character.character (unused-import)
************* Module funclg.managers.equipment_manager
funclg/managers/equipment_manager.py:1:0: C0114: Missing module docstring (missing-module-docstring)
funclg/managers/equipment_manager.py:11:4: R1705: Unnecessary "else" after "return", remove the "else" and de-indent the code inside it (no-else-return)
funclg/managers/equipment_manager.py:9:4: W0612: Unused variable 'equipment_data' (unused-variable)
funclg/managers/equipment_manager.py:1:0: W0611: Unused BodyEquipment imported from funclg.character.equipment (unused-import)
funclg/managers/equipment_manager.py:1:0: W0611: Unused WeaponEquipment imported from funclg.character.equipment (unused-import)
************* Module funclg.managers.modifier_manager
funclg/managers/modifier_manager.py:17:5: W0511: TODO: REMOVE TODO Print (fixme)
funclg/managers/modifier_manager.py:9:0: W0611: Unused Modifier imported from funclg.character.modifiers (unused-import)
funclg/managers/modifier_manager.py:11:0: W0611: Unused MODIFIER_TYPES imported from funclg.utils.types (unused-import)
************* Module funclg.managers.roles_manager
funclg/managers/roles_manager.py:1:0: C0114: Missing module docstring (missing-module-docstring)
funclg/managers/roles_manager.py:1:0: W0611: Unused Roles imported from funclg.character.roles (unused-import)
************* Module funclg.utils.data_mgmt
funclg/utils/data_mgmt.py:1:0: C0114: Missing module docstring (missing-module-docstring)
funclg/utils/data_mgmt.py:15:11: W0703: Catching too general exception Exception (broad-except)
funclg/utils/data_mgmt.py:11:27: E1135: Value 'filename_only' doesn't support membership test (unsupported-membership-test)
funclg/utils/data_mgmt.py:15:4: C0103: Variable name "e" doesn't conform to snake_case naming style (invalid-name)
************* Module funclg.utils.input_validation
funclg/utils/input_validation.py:1:0: C0114: Missing module docstring (missing-module-docstring)
************* Module funclg.utils.menu_funcs
funclg/utils/menu_funcs.py:12:1: W0511: TODO: add a description value to menus and have them printed out when called (fixme)
funclg/utils/menu_funcs.py:13:1: W0511: TODO: Need to add an ability to go back and not always start at the top menu (fixme)
funclg/utils/menu_funcs.py:1:0: C0114: Missing module docstring (missing-module-docstring)
funclg/utils/menu_funcs.py:9:4: R1722: Consider using sys.exit() (consider-using-sys-exit)

------------------------------------------------------------------
Your code has been rated at 9.39/10 (previous run: 9.56/10, -0.17)


-----PYRIGHT-----

npx: installed 1 in 7.045s
No configuration file found.
pyproject.toml file found at /mnt/c/Users/jevin/OneDrive/Documents/CODING/Dev/FUNCLG.
Loading pyproject.toml file at /mnt/c/Users/jevin/OneDrive/Documents/CODING/Dev/FUNCLG/pyproject.toml
Pyproject file "/mnt/c/Users/jevin/OneDrive/Documents/CODING/Dev/FUNCLG/pyproject.toml" is missing "[tool.pyright]" section.
stubPath /mnt/c/Users/jevin/OneDrive/Documents/CODING/Dev/FUNCLG/typings is not a valid directory.
Assuming Python platform Linux
Searching for source files
Found 21 source files
/mnt/c/Users/jevin/OneDrive/Documents/CODING/Dev/FUNCLG/funclg/utils/data_mgmt.py
  /mnt/c/Users/jevin/OneDrive/Documents/CODING/Dev/FUNCLG/funclg/utils/data_mgmt.py:13:30 - error: Argument of type "str" cannot be assigned to parameter "fp" of type "SupportsRead[str | bytes]" in function "load"
    "str" is incompatible with protocol "SupportsRead[str | bytes]"
      "read" is not present (reportGeneralTypeIssues)
  /mnt/c/Users/jevin/OneDrive/Documents/CODING/Dev/FUNCLG/funclg/utils/data_mgmt.py:11:16 - error: Operator "in" not supported for types "Literal['/data/']" and "int"
    Operator "in" not supported for types "Literal['/data/']" and "int" (reportGeneralTypeIssues)
2 errors, 0 warnings, 0 informations 
Completed in 2.359sec
